2024-12-18 09:28:07,524 - INFO - 데이터베이스 확인 중... (간격: 10초)
2024-12-18 09:28:07,536 - INFO - 컬렉션 darkleak의 총 문서 수: 0
2024-12-18 09:28:07,547 - INFO - 컬렉션 rhysida의 총 문서 수: 0
2024-12-18 09:28:07,550 - INFO - 컬렉션 island의 총 문서 수: 0
2024-12-18 09:28:07,553 - INFO - 컬렉션 ctifeeds의 총 문서 수: 0
2024-12-18 09:28:07,556 - INFO - 컬렉션 blacksuit의 총 문서 수: 0
2024-12-18 09:28:07,558 - INFO - 컬렉션 darknetARMY의 총 문서 수: 0
2024-12-18 09:28:07,561 - INFO - 컬렉션 htdark의 총 문서 수: 0
2024-12-18 09:28:07,564 - INFO - 컬렉션 breachdetector의 총 문서 수: 0
2024-12-18 09:28:07,567 - INFO - 컬렉션 leakbase의 총 문서 수: 0
2024-12-18 09:28:07,570 - INFO - 컬렉션 lockbit의 총 문서 수: 0
2024-12-18 09:28:07,575 - INFO - 컬렉션 play의 총 문서 수: 0
2024-12-18 09:28:07,579 - INFO - 컬렉션 abyss의 총 문서 수: 0
2024-12-18 09:28:07,582 - INFO - 컬렉션 daixin의 총 문서 수: 0
2024-12-18 09:28:07,587 - INFO - 컬렉션 blackbasta의 총 문서 수: 0
2024-12-18 09:28:07,590 - INFO - 컬렉션 everest의 총 문서 수: 0
2024-12-18 09:28:17,641 - INFO - 데이터베이스 확인 중... (간격: 10초)
2024-12-18 09:28:17,644 - INFO - 컬렉션 darkleak의 총 문서 수: 0
2024-12-18 09:28:17,646 - INFO - 컬렉션 rhysida의 총 문서 수: 0
2024-12-18 09:28:17,650 - INFO - 컬렉션 island의 총 문서 수: 0
2024-12-18 09:28:17,654 - INFO - 컬렉션 ctifeeds의 총 문서 수: 0
2024-12-18 09:28:17,656 - INFO - 컬렉션 blacksuit의 총 문서 수: 0
2024-12-18 09:28:17,661 - INFO - 컬렉션 darknetARMY의 총 문서 수: 0
2024-12-18 09:28:17,664 - INFO - 컬렉션 htdark의 총 문서 수: 0
2024-12-18 09:28:17,667 - INFO - 컬렉션 breachdetector의 총 문서 수: 0
2024-12-18 09:28:17,672 - INFO - 컬렉션 leakbase의 총 문서 수: 0
2024-12-18 09:28:17,675 - INFO - 컬렉션 lockbit의 총 문서 수: 0
2024-12-18 09:28:17,677 - INFO - 컬렉션 play의 총 문서 수: 0
2024-12-18 09:28:17,679 - INFO - 컬렉션 abyss의 총 문서 수: 0
2024-12-18 09:28:17,682 - INFO - 컬렉션 daixin의 총 문서 수: 0
2024-12-18 09:28:17,686 - INFO - 컬렉션 blackbasta의 총 문서 수: 0
2024-12-18 09:28:17,690 - INFO - 컬렉션 everest의 총 문서 수: 0
2024-12-18 09:28:27,715 - INFO - 데이터베이스 확인 중... (간격: 10초)
2024-12-18 09:28:27,717 - INFO - 컬렉션 darkleak의 총 문서 수: 0
2024-12-18 09:28:27,719 - INFO - 컬렉션 rhysida의 총 문서 수: 0
2024-12-18 09:28:27,722 - INFO - 컬렉션 island의 총 문서 수: 0
2024-12-18 09:28:27,724 - INFO - 컬렉션 ctifeeds의 총 문서 수: 0
2024-12-18 09:28:27,726 - INFO - 컬렉션 blacksuit의 총 문서 수: 0
2024-12-18 09:28:27,728 - INFO - 컬렉션 darknetARMY의 총 문서 수: 0
2024-12-18 09:28:27,730 - INFO - 컬렉션 htdark의 총 문서 수: 0
2024-12-18 09:28:27,733 - INFO - 컬렉션 breachdetector의 총 문서 수: 0
2024-12-18 09:28:27,737 - INFO - 컬렉션 leakbase의 총 문서 수: 0
2024-12-18 09:28:27,739 - INFO - 컬렉션 lockbit의 총 문서 수: 0
2024-12-18 09:28:27,742 - INFO - 컬렉션 play의 총 문서 수: 0
2024-12-18 09:28:27,744 - INFO - 컬렉션 abyss의 총 문서 수: 0
2024-12-18 09:28:27,746 - INFO - 컬렉션 daixin의 총 문서 수: 0
2024-12-18 09:28:27,748 - INFO - 컬렉션 blackbasta의 총 문서 수: 0
2024-12-18 09:28:27,751 - INFO - 컬렉션 everest의 총 문서 수: 0
2024-12-18 09:28:37,787 - INFO - 데이터베이스 확인 중... (간격: 10초)
2024-12-18 09:28:37,790 - INFO - 컬렉션 darkleak의 총 문서 수: 0
2024-12-18 09:28:37,792 - INFO - 컬렉션 rhysida의 총 문서 수: 0
2024-12-18 09:28:37,795 - INFO - 컬렉션 island의 총 문서 수: 0
2024-12-18 09:28:37,799 - INFO - 컬렉션 ctifeeds의 총 문서 수: 0
2024-12-18 09:28:37,804 - INFO - 컬렉션 blacksuit의 총 문서 수: 0
2024-12-18 09:28:37,807 - INFO - 컬렉션 darknetARMY의 총 문서 수: 0
2024-12-18 09:28:37,811 - INFO - 컬렉션 htdark의 총 문서 수: 0
2024-12-18 09:28:37,816 - INFO - 컬렉션 breachdetector의 총 문서 수: 0
2024-12-18 09:28:37,821 - INFO - 컬렉션 leakbase의 총 문서 수: 0
2024-12-18 09:28:37,825 - INFO - 컬렉션 lockbit의 총 문서 수: 0
2024-12-18 09:28:37,828 - INFO - 컬렉션 play의 총 문서 수: 0
2024-12-18 09:28:37,832 - INFO - 컬렉션 abyss의 총 문서 수: 0
2024-12-18 09:28:37,837 - INFO - 컬렉션 daixin의 총 문서 수: 0
2024-12-18 09:28:37,841 - INFO - 컬렉션 blackbasta의 총 문서 수: 0
2024-12-18 09:28:37,844 - INFO - 컬렉션 everest의 총 문서 수: 0
2024-12-18 09:28:47,893 - INFO - 데이터베이스 확인 중... (간격: 10초)
2024-12-18 09:28:47,899 - INFO - 컬렉션 darkleak의 총 문서 수: 0
2024-12-18 09:28:47,904 - INFO - 컬렉션 rhysida의 총 문서 수: 0
2024-12-18 09:28:47,909 - INFO - 컬렉션 island의 총 문서 수: 0
2024-12-18 09:28:47,913 - INFO - 컬렉션 ctifeeds의 총 문서 수: 0
2024-12-18 09:28:47,918 - INFO - 컬렉션 blacksuit의 총 문서 수: 0
2024-12-18 09:28:47,921 - INFO - 컬렉션 darknetARMY의 총 문서 수: 0
2024-12-18 09:28:47,925 - INFO - 컬렉션 htdark의 총 문서 수: 0
2024-12-18 09:28:47,928 - INFO - 컬렉션 breachdetector의 총 문서 수: 0
2024-12-18 09:28:47,931 - INFO - 컬렉션 leakbase의 총 문서 수: 0
2024-12-18 09:28:47,935 - INFO - 컬렉션 lockbit의 총 문서 수: 0
2024-12-18 09:28:47,939 - INFO - 컬렉션 play의 총 문서 수: 0
2024-12-18 09:28:47,943 - INFO - 컬렉션 abyss의 총 문서 수: 0
2024-12-18 09:28:47,947 - INFO - 컬렉션 daixin의 총 문서 수: 0
2024-12-18 09:28:47,950 - INFO - 컬렉션 blackbasta의 총 문서 수: 0
2024-12-18 09:28:47,955 - INFO - 컬렉션 everest의 총 문서 수: 0
2024-12-18 09:28:57,996 - INFO - 데이터베이스 확인 중... (간격: 10초)
2024-12-18 09:28:58,003 - INFO - 컬렉션 darkleak의 총 문서 수: 0
2024-12-18 09:28:58,010 - INFO - 컬렉션 rhysida의 총 문서 수: 0
2024-12-18 09:28:58,015 - INFO - 컬렉션 island의 총 문서 수: 0
2024-12-18 09:28:58,022 - INFO - 컬렉션 ctifeeds의 총 문서 수: 0
2024-12-18 09:28:58,025 - INFO - 컬렉션 blacksuit의 총 문서 수: 0
2024-12-18 09:28:58,028 - INFO - 컬렉션 darknetARMY의 총 문서 수: 0
2024-12-18 09:28:58,033 - INFO - 컬렉션 htdark의 총 문서 수: 0
2024-12-18 09:28:58,037 - INFO - 컬렉션 breachdetector의 총 문서 수: 0
2024-12-18 09:28:58,041 - INFO - 컬렉션 leakbase의 총 문서 수: 0
2024-12-18 09:28:58,044 - INFO - 컬렉션 lockbit의 총 문서 수: 0
2024-12-18 09:28:58,050 - INFO - 컬렉션 play의 총 문서 수: 0
2024-12-18 09:28:58,054 - INFO - 컬렉션 abyss의 총 문서 수: 0
2024-12-18 09:28:58,057 - INFO - 컬렉션 daixin의 총 문서 수: 0
2024-12-18 09:28:58,059 - INFO - 컬렉션 blackbasta의 총 문서 수: 0
2024-12-18 09:28:58,061 - INFO - 컬렉션 everest의 총 문서 수: 0
2024-12-18 09:29:08,111 - INFO - 데이터베이스 확인 중... (간격: 10초)
2024-12-18 09:29:08,117 - INFO - 컬렉션 darkleak의 총 문서 수: 0
2024-12-18 09:29:08,124 - INFO - 컬렉션 rhysida의 총 문서 수: 0
2024-12-18 09:29:08,130 - INFO - 컬렉션 island의 총 문서 수: 0
2024-12-18 09:29:08,135 - INFO - 컬렉션 ctifeeds의 총 문서 수: 0
2024-12-18 09:29:08,139 - INFO - 컬렉션 blacksuit의 총 문서 수: 0
2024-12-18 09:29:08,142 - INFO - 컬렉션 darknetARMY의 총 문서 수: 0
2024-12-18 09:29:08,147 - INFO - 컬렉션 htdark의 총 문서 수: 0
2024-12-18 09:29:08,151 - INFO - 컬렉션 breachdetector의 총 문서 수: 0
2024-12-18 09:29:08,156 - INFO - 컬렉션 leakbase의 총 문서 수: 0
2024-12-18 09:29:08,160 - INFO - 컬렉션 lockbit의 총 문서 수: 0
2024-12-18 09:29:08,162 - INFO - 컬렉션 play의 총 문서 수: 0
2024-12-18 09:29:08,167 - INFO - 컬렉션 abyss의 총 문서 수: 0
2024-12-18 09:29:08,171 - INFO - 컬렉션 daixin의 총 문서 수: 0
2024-12-18 09:29:08,174 - INFO - 컬렉션 blackbasta의 총 문서 수: 0
2024-12-18 09:29:08,177 - INFO - 컬렉션 everest의 총 문서 수: 0
2024-12-18 09:29:18,195 - INFO - 데이터베이스 확인 중... (간격: 10초)
2024-12-18 09:29:18,201 - INFO - 컬렉션 darkleak의 총 문서 수: 0
2024-12-18 09:29:18,207 - INFO - 컬렉션 rhysida의 총 문서 수: 0
2024-12-18 09:29:18,212 - INFO - 컬렉션 island의 총 문서 수: 0
2024-12-18 09:29:18,217 - INFO - 컬렉션 ctifeeds의 총 문서 수: 0
2024-12-18 09:29:18,221 - INFO - 컬렉션 blacksuit의 총 문서 수: 0
2024-12-18 09:29:18,224 - INFO - 컬렉션 darknetARMY의 총 문서 수: 0
2024-12-18 09:29:18,228 - INFO - 컬렉션 htdark의 총 문서 수: 0
2024-12-18 09:29:18,231 - INFO - 컬렉션 breachdetector의 총 문서 수: 0
2024-12-18 09:29:18,235 - INFO - 컬렉션 leakbase의 총 문서 수: 0
2024-12-18 09:29:18,238 - INFO - 컬렉션 lockbit의 총 문서 수: 0
2024-12-18 09:29:18,241 - INFO - 컬렉션 play의 총 문서 수: 0
2024-12-18 09:29:18,244 - INFO - 컬렉션 abyss의 총 문서 수: 0
2024-12-18 09:29:18,247 - INFO - 컬렉션 daixin의 총 문서 수: 0
2024-12-18 09:29:18,252 - INFO - 컬렉션 blackbasta의 총 문서 수: 0
2024-12-18 09:29:18,255 - INFO - 컬렉션 everest의 총 문서 수: 0
2024-12-18 09:29:28,273 - INFO - 데이터베이스 확인 중... (간격: 10초)
2024-12-18 09:29:28,279 - INFO - 컬렉션 darkleak의 총 문서 수: 0
2024-12-18 09:29:28,285 - INFO - 컬렉션 rhysida의 총 문서 수: 0
2024-12-18 09:29:28,290 - INFO - 컬렉션 island의 총 문서 수: 0
2024-12-18 09:29:28,292 - INFO - 컬렉션 ctifeeds의 총 문서 수: 0
2024-12-18 09:29:28,296 - INFO - 컬렉션 blacksuit의 총 문서 수: 0
2024-12-18 09:29:28,299 - INFO - 컬렉션 darknetARMY의 총 문서 수: 0
2024-12-18 09:29:28,303 - INFO - 컬렉션 htdark의 총 문서 수: 0
2024-12-18 09:29:28,307 - INFO - 컬렉션 breachdetector의 총 문서 수: 0
2024-12-18 09:29:28,309 - INFO - 컬렉션 leakbase의 총 문서 수: 0
2024-12-18 09:29:28,313 - INFO - 컬렉션 lockbit의 총 문서 수: 0
2024-12-18 09:29:28,316 - INFO - 컬렉션 play의 총 문서 수: 0
2024-12-18 09:29:28,321 - INFO - 컬렉션 abyss의 총 문서 수: 0
2024-12-18 09:29:28,324 - INFO - 컬렉션 daixin의 총 문서 수: 0
2024-12-18 09:29:28,327 - INFO - 컬렉션 blackbasta의 총 문서 수: 0
2024-12-18 09:29:28,330 - INFO - 컬렉션 everest의 총 문서 수: 0
2024-12-18 09:29:38,354 - INFO - 데이터베이스 확인 중... (간격: 10초)
2024-12-18 09:29:38,357 - INFO - 컬렉션 darkleak의 총 문서 수: 0
2024-12-18 09:29:38,361 - INFO - 컬렉션 rhysida의 총 문서 수: 0
2024-12-18 09:29:38,365 - INFO - 컬렉션 island의 총 문서 수: 0
2024-12-18 09:29:38,370 - INFO - 컬렉션 ctifeeds의 총 문서 수: 0
2024-12-18 09:29:38,374 - INFO - 컬렉션 blacksuit의 총 문서 수: 0
2024-12-18 09:29:38,379 - INFO - 컬렉션 darknetARMY의 총 문서 수: 0
2024-12-18 09:29:38,385 - INFO - 컬렉션 htdark의 총 문서 수: 0
2024-12-18 09:29:38,389 - INFO - 컬렉션 breachdetector의 총 문서 수: 0
2024-12-18 09:29:38,394 - INFO - 컬렉션 leakbase의 총 문서 수: 0
2024-12-18 09:29:38,398 - INFO - 컬렉션 lockbit의 총 문서 수: 0
2024-12-18 09:29:38,403 - INFO - 컬렉션 play의 총 문서 수: 0
2024-12-18 09:29:38,408 - INFO - 컬렉션 abyss의 총 문서 수: 0
2024-12-18 09:29:38,411 - INFO - 컬렉션 daixin의 총 문서 수: 0
2024-12-18 09:29:38,415 - INFO - 컬렉션 blackbasta의 총 문서 수: 0
2024-12-18 09:29:38,420 - INFO - 컬렉션 everest의 총 문서 수: 0
2024-12-18 09:29:48,466 - INFO - 데이터베이스 확인 중... (간격: 10초)
2024-12-18 09:29:48,471 - INFO - 컬렉션 darkleak의 총 문서 수: 0
2024-12-18 09:29:48,475 - INFO - 컬렉션 rhysida의 총 문서 수: 0
2024-12-18 09:29:48,480 - INFO - 컬렉션 island의 총 문서 수: 0
2024-12-18 09:29:48,486 - INFO - 컬렉션 ctifeeds의 총 문서 수: 0
2024-12-18 09:29:48,489 - INFO - 컬렉션 blacksuit의 총 문서 수: 0
2024-12-18 09:29:48,493 - INFO - 컬렉션 darknetARMY의 총 문서 수: 0
2024-12-18 09:29:48,496 - INFO - 컬렉션 htdark의 총 문서 수: 0
2024-12-18 09:29:48,500 - INFO - 컬렉션 breachdetector의 총 문서 수: 0
2024-12-18 09:29:48,504 - INFO - 컬렉션 leakbase의 총 문서 수: 0
2024-12-18 09:29:48,507 - INFO - 컬렉션 lockbit의 총 문서 수: 0
2024-12-18 09:29:48,510 - INFO - 컬렉션 play의 총 문서 수: 0
2024-12-18 09:29:48,513 - INFO - 컬렉션 abyss의 총 문서 수: 0
2024-12-18 09:29:48,518 - INFO - 컬렉션 daixin의 총 문서 수: 0
2024-12-18 09:29:48,521 - INFO - 컬렉션 blackbasta의 총 문서 수: 0
2024-12-18 09:29:48,525 - INFO - 컬렉션 everest의 총 문서 수: 0
2024-12-18 09:29:58,552 - INFO - 데이터베이스 확인 중... (간격: 10초)
2024-12-18 09:29:58,557 - INFO - 컬렉션 darkleak의 총 문서 수: 0
2024-12-18 09:29:58,562 - INFO - 컬렉션 rhysida의 총 문서 수: 0
2024-12-18 09:29:58,569 - INFO - 컬렉션 island의 총 문서 수: 0
2024-12-18 09:29:58,573 - INFO - 컬렉션 ctifeeds의 총 문서 수: 0
2024-12-18 09:29:58,577 - INFO - 컬렉션 blacksuit의 총 문서 수: 0
2024-12-18 09:29:58,581 - INFO - 컬렉션 darknetARMY의 총 문서 수: 0
2024-12-18 09:29:58,585 - INFO - 컬렉션 htdark의 총 문서 수: 0
2024-12-18 09:29:58,588 - INFO - 컬렉션 breachdetector의 총 문서 수: 0
2024-12-18 09:29:58,591 - INFO - 컬렉션 leakbase의 총 문서 수: 0
2024-12-18 09:29:58,594 - INFO - 컬렉션 lockbit의 총 문서 수: 0
2024-12-18 09:29:58,598 - INFO - 컬렉션 play의 총 문서 수: 0
2024-12-18 09:29:58,602 - INFO - 컬렉션 abyss의 총 문서 수: 0
2024-12-18 09:29:58,605 - INFO - 컬렉션 daixin의 총 문서 수: 0
2024-12-18 09:29:58,607 - INFO - 컬렉션 blackbasta의 총 문서 수: 0
2024-12-18 09:29:58,611 - INFO - 컬렉션 everest의 총 문서 수: 0
2024-12-18 09:30:08,622 - INFO - 데이터베이스 확인 중... (간격: 10초)
2024-12-18 09:30:08,625 - INFO - 컬렉션 darkleak의 총 문서 수: 0
2024-12-18 09:30:08,628 - INFO - 컬렉션 rhysida의 총 문서 수: 0
2024-12-18 09:30:08,633 - INFO - 컬렉션 island의 총 문서 수: 0
2024-12-18 09:30:08,636 - INFO - 컬렉션 ctifeeds의 총 문서 수: 0
2024-12-18 09:30:08,641 - INFO - 컬렉션 blacksuit의 총 문서 수: 0
2024-12-18 09:30:08,644 - INFO - 컬렉션 darknetARMY의 총 문서 수: 0
2024-12-18 09:30:08,647 - INFO - 컬렉션 htdark의 총 문서 수: 0
2024-12-18 09:30:08,651 - INFO - 컬렉션 breachdetector의 총 문서 수: 0
2024-12-18 09:30:08,655 - INFO - 컬렉션 leakbase의 총 문서 수: 0
2024-12-18 09:30:08,657 - INFO - 컬렉션 lockbit의 총 문서 수: 0
2024-12-18 09:30:08,660 - INFO - 컬렉션 play의 총 문서 수: 0
2024-12-18 09:30:08,663 - INFO - 컬렉션 abyss의 총 문서 수: 0
2024-12-18 09:30:08,666 - INFO - 컬렉션 daixin의 총 문서 수: 0
2024-12-18 09:30:08,671 - INFO - 컬렉션 blackbasta의 총 문서 수: 0
2024-12-18 09:30:08,673 - INFO - 컬렉션 everest의 총 문서 수: 0
2024-12-18 09:30:18,713 - INFO - 데이터베이스 확인 중... (간격: 10초)
2024-12-18 09:30:18,718 - INFO - 컬렉션 darkleak의 총 문서 수: 0
2024-12-18 09:30:18,724 - INFO - 컬렉션 rhysida의 총 문서 수: 0
2024-12-18 09:30:18,728 - INFO - 컬렉션 island의 총 문서 수: 0
2024-12-18 09:30:18,733 - INFO - 컬렉션 ctifeeds의 총 문서 수: 0
2024-12-18 09:30:18,738 - INFO - 컬렉션 blacksuit의 총 문서 수: 0
2024-12-18 09:30:18,740 - INFO - 컬렉션 darknetARMY의 총 문서 수: 0
2024-12-18 09:30:18,744 - INFO - 컬렉션 htdark의 총 문서 수: 0
2024-12-18 09:30:18,746 - INFO - 컬렉션 breachdetector의 총 문서 수: 0
2024-12-18 09:30:18,750 - INFO - 컬렉션 leakbase의 총 문서 수: 0
2024-12-18 09:30:18,754 - INFO - 컬렉션 lockbit의 총 문서 수: 0
2024-12-18 09:30:18,756 - INFO - 컬렉션 play의 총 문서 수: 0
2024-12-18 09:30:18,758 - INFO - 컬렉션 abyss의 총 문서 수: 0
2024-12-18 09:30:18,761 - INFO - 컬렉션 daixin의 총 문서 수: 0
2024-12-18 09:30:18,765 - INFO - 컬렉션 blackbasta의 총 문서 수: 0
2024-12-18 09:30:18,770 - INFO - 컬렉션 everest의 총 문서 수: 0
2024-12-18 09:30:28,822 - INFO - 데이터베이스 확인 중... (간격: 10초)
2024-12-18 09:30:28,828 - INFO - 컬렉션 darkleak의 총 문서 수: 0
2024-12-18 09:30:28,834 - INFO - 컬렉션 rhysida의 총 문서 수: 0
2024-12-18 09:30:28,840 - INFO - 컬렉션 island의 총 문서 수: 0
2024-12-18 09:30:28,846 - INFO - 컬렉션 ctifeeds의 총 문서 수: 0
2024-12-18 09:30:28,852 - INFO - 컬렉션 blacksuit의 총 문서 수: 0
2024-12-18 09:30:28,857 - INFO - 컬렉션 darknetARMY의 총 문서 수: 0
2024-12-18 09:30:28,862 - INFO - 컬렉션 htdark의 총 문서 수: 0
2024-12-18 09:30:28,866 - INFO - 컬렉션 breachdetector의 총 문서 수: 0
2024-12-18 09:30:28,870 - INFO - 컬렉션 leakbase의 총 문서 수: 0
2024-12-18 09:30:28,873 - INFO - 컬렉션 lockbit의 총 문서 수: 0
2024-12-18 09:30:28,876 - INFO - 컬렉션 play의 총 문서 수: 0
2024-12-18 09:30:28,878 - INFO - 컬렉션 abyss의 총 문서 수: 0
2024-12-18 09:30:28,882 - INFO - 컬렉션 daixin의 총 문서 수: 0
2024-12-18 09:30:28,887 - INFO - 컬렉션 blackbasta의 총 문서 수: 0
2024-12-18 09:30:28,890 - INFO - 컬렉션 everest의 총 문서 수: 0
2024-12-18 09:30:38,918 - INFO - 데이터베이스 확인 중... (간격: 10초)
2024-12-18 09:30:38,924 - INFO - 컬렉션 darkleak의 총 문서 수: 0
2024-12-18 09:30:38,931 - INFO - 컬렉션 rhysida의 총 문서 수: 0
2024-12-18 09:30:38,935 - INFO - 컬렉션 island의 총 문서 수: 0
2024-12-18 09:30:38,941 - INFO - 컬렉션 ctifeeds의 총 문서 수: 0
2024-12-18 09:30:38,945 - INFO - 컬렉션 blacksuit의 총 문서 수: 0
2024-12-18 09:30:38,949 - INFO - 컬렉션 darknetARMY의 총 문서 수: 0
2024-12-18 09:30:38,953 - INFO - 컬렉션 htdark의 총 문서 수: 0
2024-12-18 09:30:38,957 - INFO - 컬렉션 breachdetector의 총 문서 수: 0
2024-12-18 09:30:38,961 - INFO - 컬렉션 leakbase의 총 문서 수: 0
2024-12-18 09:30:38,964 - INFO - 컬렉션 lockbit의 총 문서 수: 0
2024-12-18 09:30:38,969 - INFO - 컬렉션 play의 총 문서 수: 0
2024-12-18 09:30:38,972 - INFO - 컬렉션 abyss의 총 문서 수: 0
2024-12-18 09:30:38,975 - INFO - 컬렉션 daixin의 총 문서 수: 0
2024-12-18 09:30:38,978 - INFO - 컬렉션 blackbasta의 총 문서 수: 0
2024-12-18 09:30:38,981 - INFO - 컬렉션 everest의 총 문서 수: 0
2024-12-18 09:30:49,041 - INFO - 데이터베이스 확인 중... (간격: 10초)
2024-12-18 09:30:49,044 - INFO - 컬렉션 darkleak의 총 문서 수: 0
2024-12-18 09:30:49,049 - INFO - 컬렉션 rhysida의 총 문서 수: 0
2024-12-18 09:30:49,054 - INFO - 컬렉션 island의 총 문서 수: 0
2024-12-18 09:30:49,058 - INFO - 컬렉션 ctifeeds의 총 문서 수: 0
2024-12-18 09:30:49,063 - INFO - 컬렉션 blacksuit의 총 문서 수: 0
2024-12-18 09:30:49,068 - INFO - 컬렉션 darknetARMY의 총 문서 수: 0
2024-12-18 09:30:49,071 - INFO - 컬렉션 htdark의 총 문서 수: 0
2024-12-18 09:30:49,076 - INFO - 컬렉션 breachdetector의 총 문서 수: 0
2024-12-18 09:30:49,080 - INFO - 컬렉션 leakbase의 총 문서 수: 0
2024-12-18 09:30:49,083 - INFO - 컬렉션 lockbit의 총 문서 수: 0
2024-12-18 09:30:49,088 - INFO - 컬렉션 play의 총 문서 수: 0
2024-12-18 09:30:49,091 - INFO - 컬렉션 abyss의 총 문서 수: 0
2024-12-18 09:30:49,095 - INFO - 컬렉션 daixin의 총 문서 수: 0
2024-12-18 09:30:49,098 - INFO - 컬렉션 blackbasta의 총 문서 수: 0
2024-12-18 09:30:49,103 - INFO - 컬렉션 everest의 총 문서 수: 0
2024-12-18 09:30:59,138 - INFO - 데이터베이스 확인 중... (간격: 10초)
2024-12-18 09:30:59,143 - INFO - 컬렉션 darkleak의 총 문서 수: 0
2024-12-18 09:30:59,147 - INFO - 컬렉션 rhysida의 총 문서 수: 0
2024-12-18 09:30:59,154 - INFO - 컬렉션 island의 총 문서 수: 0
2024-12-18 09:30:59,157 - INFO - 컬렉션 ctifeeds의 총 문서 수: 0
2024-12-18 09:30:59,161 - INFO - 컬렉션 blacksuit의 총 문서 수: 0
2024-12-18 09:30:59,164 - INFO - 컬렉션 darknetARMY의 총 문서 수: 0
2024-12-18 09:30:59,169 - INFO - 컬렉션 htdark의 총 문서 수: 0
2024-12-18 09:30:59,172 - INFO - 컬렉션 breachdetector의 총 문서 수: 0
2024-12-18 09:30:59,176 - INFO - 컬렉션 leakbase의 총 문서 수: 0
2024-12-18 09:30:59,178 - INFO - 컬렉션 lockbit의 총 문서 수: 0
2024-12-18 09:30:59,181 - INFO - 컬렉션 play의 총 문서 수: 0
2024-12-18 09:30:59,185 - INFO - 컬렉션 abyss의 총 문서 수: 0
2024-12-18 09:30:59,188 - INFO - 컬렉션 daixin의 총 문서 수: 0
2024-12-18 09:30:59,192 - INFO - 컬렉션 blackbasta의 총 문서 수: 0
2024-12-18 09:30:59,194 - INFO - 컬렉션 everest의 총 문서 수: 0
2024-12-18 09:31:09,243 - INFO - 데이터베이스 확인 중... (간격: 10초)
2024-12-18 09:31:09,248 - INFO - 컬렉션 darkleak의 총 문서 수: 0
2024-12-18 09:31:09,255 - INFO - 컬렉션 rhysida의 총 문서 수: 0
2024-12-18 09:31:09,259 - INFO - 컬렉션 island의 총 문서 수: 0
2024-12-18 09:31:09,263 - INFO - 컬렉션 ctifeeds의 총 문서 수: 0
2024-12-18 09:31:09,267 - INFO - 컬렉션 blacksuit의 총 문서 수: 0
2024-12-18 09:31:09,272 - INFO - 컬렉션 darknetARMY의 총 문서 수: 0
2024-12-18 09:31:09,274 - INFO - 컬렉션 htdark의 총 문서 수: 0
2024-12-18 09:31:09,277 - INFO - 컬렉션 breachdetector의 총 문서 수: 0
2024-12-18 09:31:09,280 - INFO - 컬렉션 leakbase의 총 문서 수: 0
2024-12-18 09:31:09,284 - INFO - 컬렉션 lockbit의 총 문서 수: 0
2024-12-18 09:31:09,287 - INFO - 컬렉션 play의 총 문서 수: 0
2024-12-18 09:31:09,290 - INFO - 컬렉션 abyss의 총 문서 수: 0
2024-12-18 09:31:09,293 - INFO - 컬렉션 daixin의 총 문서 수: 0
2024-12-18 09:31:09,295 - INFO - 컬렉션 blackbasta의 총 문서 수: 0
2024-12-18 09:31:09,299 - INFO - 컬렉션 everest의 총 문서 수: 0
2024-12-18 09:31:19,348 - INFO - 데이터베이스 확인 중... (간격: 10초)
2024-12-18 09:31:19,353 - INFO - 컬렉션 darkleak의 총 문서 수: 0
2024-12-18 09:31:19,358 - INFO - 컬렉션 rhysida의 총 문서 수: 0
2024-12-18 09:31:19,363 - INFO - 컬렉션 island의 총 문서 수: 0
2024-12-18 09:31:19,369 - INFO - 컬렉션 ctifeeds의 총 문서 수: 0
2024-12-18 09:31:19,372 - INFO - 컬렉션 blacksuit의 총 문서 수: 0
2024-12-18 09:31:19,376 - INFO - 컬렉션 darknetARMY의 총 문서 수: 0
2024-12-18 09:31:19,379 - INFO - 컬렉션 htdark의 총 문서 수: 0
2024-12-18 09:31:19,382 - INFO - 컬렉션 breachdetector의 총 문서 수: 0
2024-12-18 09:31:19,387 - INFO - 컬렉션 leakbase의 총 문서 수: 0
2024-12-18 09:31:19,390 - INFO - 컬렉션 lockbit의 총 문서 수: 0
2024-12-18 09:31:19,394 - INFO - 컬렉션 play의 총 문서 수: 0
2024-12-18 09:31:19,396 - INFO - 컬렉션 abyss의 총 문서 수: 0
2024-12-18 09:31:19,401 - INFO - 컬렉션 daixin의 총 문서 수: 0
2024-12-18 09:31:19,405 - INFO - 컬렉션 blackbasta의 총 문서 수: 0
2024-12-18 09:31:19,408 - INFO - 컬렉션 everest의 총 문서 수: 0
2024-12-18 09:31:29,455 - INFO - 데이터베이스 확인 중... (간격: 10초)
2024-12-18 09:31:29,461 - INFO - 컬렉션 darkleak의 총 문서 수: 0
2024-12-18 09:31:29,468 - INFO - 컬렉션 rhysida의 총 문서 수: 0
2024-12-18 09:31:29,473 - INFO - 컬렉션 island의 총 문서 수: 0
2024-12-18 09:31:29,478 - INFO - 컬렉션 ctifeeds의 총 문서 수: 0
2024-12-18 09:31:29,484 - INFO - 컬렉션 blacksuit의 총 문서 수: 0
2024-12-18 09:31:29,489 - INFO - 컬렉션 darknetARMY의 총 문서 수: 0
2024-12-18 09:31:29,493 - INFO - 컬렉션 htdark의 총 문서 수: 0
2024-12-18 09:31:29,496 - INFO - 컬렉션 breachdetector의 총 문서 수: 0
2024-12-18 09:31:29,500 - INFO - 컬렉션 leakbase의 총 문서 수: 0
2024-12-18 09:31:29,504 - INFO - 컬렉션 lockbit의 총 문서 수: 0
2024-12-18 09:31:29,507 - INFO - 컬렉션 play의 총 문서 수: 0
2024-12-18 09:31:29,510 - INFO - 컬렉션 abyss의 총 문서 수: 0
2024-12-18 09:31:29,512 - INFO - 컬렉션 daixin의 총 문서 수: 0
2024-12-18 09:31:29,517 - INFO - 컬렉션 blackbasta의 총 문서 수: 0
2024-12-18 09:31:29,521 - INFO - 컬렉션 everest의 총 문서 수: 0
2024-12-18 09:31:39,584 - INFO - 데이터베이스 확인 중... (간격: 10초)
2024-12-18 09:31:39,589 - INFO - 컬렉션 darkleak의 총 문서 수: 0
2024-12-18 09:31:39,594 - INFO - 컬렉션 rhysida의 총 문서 수: 0
2024-12-18 09:31:39,600 - INFO - 컬렉션 island의 총 문서 수: 0
2024-12-18 09:31:39,604 - INFO - 컬렉션 ctifeeds의 총 문서 수: 0
2024-12-18 09:31:39,607 - INFO - 컬렉션 blacksuit의 총 문서 수: 0
2024-12-18 09:31:39,611 - INFO - 컬렉션 darknetARMY의 총 문서 수: 0
2024-12-18 09:31:39,615 - INFO - 컬렉션 htdark의 총 문서 수: 0
2024-12-18 09:31:39,619 - INFO - 컬렉션 breachdetector의 총 문서 수: 0
2024-12-18 09:31:39,623 - INFO - 컬렉션 leakbase의 총 문서 수: 0
2024-12-18 09:31:39,626 - INFO - 컬렉션 lockbit의 총 문서 수: 0
2024-12-18 09:31:39,629 - INFO - 컬렉션 play의 총 문서 수: 0
2024-12-18 09:31:39,633 - INFO - 컬렉션 abyss의 총 문서 수: 0
2024-12-18 09:31:39,637 - INFO - 컬렉션 daixin의 총 문서 수: 0
2024-12-18 09:31:39,640 - INFO - 컬렉션 blackbasta의 총 문서 수: 0
2024-12-18 09:31:39,644 - INFO - 컬렉션 everest의 총 문서 수: 0
2024-12-18 09:31:49,687 - INFO - 데이터베이스 확인 중... (간격: 10초)
2024-12-18 09:31:49,692 - INFO - 컬렉션 darkleak의 총 문서 수: 0
2024-12-18 09:31:49,699 - INFO - 컬렉션 rhysida의 총 문서 수: 0
2024-12-18 09:31:49,703 - INFO - 컬렉션 island의 총 문서 수: 0
2024-12-18 09:31:49,709 - INFO - 컬렉션 ctifeeds의 총 문서 수: 0
2024-12-18 09:31:49,714 - INFO - 컬렉션 blacksuit의 총 문서 수: 0
2024-12-18 09:31:49,721 - INFO - 컬렉션 darknetARMY의 총 문서 수: 0
2024-12-18 09:31:49,725 - INFO - 컬렉션 htdark의 총 문서 수: 0
2024-12-18 09:31:49,730 - INFO - 컬렉션 breachdetector의 총 문서 수: 0
2024-12-18 09:31:49,735 - INFO - 컬렉션 leakbase의 총 문서 수: 0
2024-12-18 09:31:49,738 - INFO - 컬렉션 lockbit의 총 문서 수: 0
2024-12-18 09:31:49,742 - INFO - 컬렉션 play의 총 문서 수: 0
2024-12-18 09:31:49,745 - INFO - 컬렉션 abyss의 총 문서 수: 0
2024-12-18 09:31:49,751 - INFO - 컬렉션 daixin의 총 문서 수: 0
2024-12-18 09:31:49,755 - INFO - 컬렉션 blackbasta의 총 문서 수: 0
2024-12-18 09:31:49,759 - INFO - 컬렉션 everest의 총 문서 수: 0
2024-12-18 09:31:59,813 - INFO - 데이터베이스 확인 중... (간격: 10초)
2024-12-18 09:31:59,818 - INFO - 컬렉션 darkleak의 총 문서 수: 0
2024-12-18 09:31:59,822 - INFO - 컬렉션 rhysida의 총 문서 수: 0
2024-12-18 09:31:59,828 - INFO - 컬렉션 island의 총 문서 수: 0
2024-12-18 09:31:59,833 - INFO - 컬렉션 ctifeeds의 총 문서 수: 0
2024-12-18 09:31:59,837 - INFO - 컬렉션 blacksuit의 총 문서 수: 0
2024-12-18 09:31:59,841 - INFO - 컬렉션 darknetARMY의 총 문서 수: 0
2024-12-18 09:31:59,845 - INFO - 컬렉션 htdark의 총 문서 수: 0
2024-12-18 09:31:59,849 - INFO - 컬렉션 breachdetector의 총 문서 수: 0
2024-12-18 09:31:59,853 - INFO - 컬렉션 leakbase의 총 문서 수: 0
2024-12-18 09:31:59,856 - INFO - 컬렉션 lockbit의 총 문서 수: 0
2024-12-18 09:31:59,859 - INFO - 컬렉션 play의 총 문서 수: 0
2024-12-18 09:31:59,863 - INFO - 컬렉션 abyss의 총 문서 수: 0
2024-12-18 09:31:59,866 - INFO - 컬렉션 daixin의 총 문서 수: 0
2024-12-18 09:31:59,870 - INFO - 컬렉션 blackbasta의 총 문서 수: 0
2024-12-18 09:31:59,874 - INFO - 컬렉션 everest의 총 문서 수: 0
2024-12-18 09:32:09,913 - INFO - 데이터베이스 확인 중... (간격: 10초)
2024-12-18 09:32:09,919 - INFO - 컬렉션 darkleak의 총 문서 수: 0
2024-12-18 09:32:09,922 - INFO - 컬렉션 rhysida의 총 문서 수: 0
2024-12-18 09:32:09,927 - INFO - 컬렉션 island의 총 문서 수: 0
2024-12-18 09:32:09,931 - INFO - 컬렉션 ctifeeds의 총 문서 수: 0
2024-12-18 09:32:09,937 - INFO - 컬렉션 blacksuit의 총 문서 수: 0
2024-12-18 09:32:09,941 - INFO - 컬렉션 darknetARMY의 총 문서 수: 0
2024-12-18 09:32:09,945 - INFO - 컬렉션 htdark의 총 문서 수: 0
2024-12-18 09:32:09,948 - INFO - 컬렉션 breachdetector의 총 문서 수: 0
2024-12-18 09:32:09,953 - INFO - 컬렉션 leakbase의 총 문서 수: 0
2024-12-18 09:32:09,956 - INFO - 컬렉션 lockbit의 총 문서 수: 0
2024-12-18 09:32:09,960 - INFO - 컬렉션 play의 총 문서 수: 0
2024-12-18 09:32:09,963 - INFO - 컬렉션 abyss의 총 문서 수: 0
2024-12-18 09:32:09,967 - INFO - 컬렉션 daixin의 총 문서 수: 0
2024-12-18 09:32:09,970 - INFO - 컬렉션 blackbasta의 총 문서 수: 0
2024-12-18 09:32:09,972 - INFO - 컬렉션 everest의 총 문서 수: 0
2024-12-18 09:32:20,011 - INFO - 데이터베이스 확인 중... (간격: 10초)
2024-12-18 09:32:20,014 - INFO - 컬렉션 darkleak의 총 문서 수: 0
2024-12-18 09:32:20,017 - INFO - 컬렉션 rhysida의 총 문서 수: 0
2024-12-18 09:32:20,020 - INFO - 컬렉션 island의 총 문서 수: 0
2024-12-18 09:32:20,023 - INFO - 컬렉션 ctifeeds의 총 문서 수: 0
2024-12-18 09:32:20,028 - INFO - 컬렉션 blacksuit의 총 문서 수: 0
2024-12-18 09:32:20,031 - INFO - 컬렉션 darknetARMY의 총 문서 수: 0
2024-12-18 09:32:20,035 - INFO - 컬렉션 htdark의 총 문서 수: 0
2024-12-18 09:32:20,039 - INFO - 컬렉션 breachdetector의 총 문서 수: 0
2024-12-18 09:32:20,042 - INFO - 컬렉션 leakbase의 총 문서 수: 0
2024-12-18 09:32:20,044 - INFO - 컬렉션 lockbit의 총 문서 수: 0
2024-12-18 09:32:20,048 - INFO - 컬렉션 play의 총 문서 수: 0
2024-12-18 09:32:20,052 - INFO - 컬렉션 abyss의 총 문서 수: 0
2024-12-18 09:32:20,055 - INFO - 컬렉션 daixin의 총 문서 수: 0
2024-12-18 09:32:20,058 - INFO - 컬렉션 blackbasta의 총 문서 수: 0
2024-12-18 09:32:20,061 - INFO - 컬렉션 everest의 총 문서 수: 0
2024-12-18 09:32:30,108 - INFO - 데이터베이스 확인 중... (간격: 10초)
2024-12-18 09:32:30,113 - INFO - 컬렉션 darkleak의 총 문서 수: 0
2024-12-18 09:32:30,117 - INFO - 컬렉션 rhysida의 총 문서 수: 0
2024-12-18 09:32:30,122 - INFO - 컬렉션 island의 총 문서 수: 0
2024-12-18 09:32:30,127 - INFO - 컬렉션 ctifeeds의 총 문서 수: 0
2024-12-18 09:32:30,131 - INFO - 컬렉션 blacksuit의 총 문서 수: 0
2024-12-18 09:32:30,136 - INFO - 컬렉션 darknetARMY의 총 문서 수: 0
2024-12-18 09:32:30,139 - INFO - 컬렉션 htdark의 총 문서 수: 0
2024-12-18 09:32:30,142 - INFO - 컬렉션 breachdetector의 총 문서 수: 0
2024-12-18 09:32:30,145 - INFO - 컬렉션 leakbase의 총 문서 수: 0
2024-12-18 09:32:30,147 - INFO - 컬렉션 lockbit의 총 문서 수: 0
2024-12-18 09:32:30,152 - INFO - 컬렉션 play의 총 문서 수: 0
2024-12-18 09:32:30,154 - INFO - 컬렉션 abyss의 총 문서 수: 0
2024-12-18 09:32:30,157 - INFO - 컬렉션 daixin의 총 문서 수: 0
2024-12-18 09:32:30,159 - INFO - 컬렉션 blackbasta의 총 문서 수: 0
2024-12-18 09:32:30,162 - INFO - 컬렉션 everest의 총 문서 수: 0
2024-12-18 09:32:40,188 - INFO - 데이터베이스 확인 중... (간격: 10초)
2024-12-18 09:32:40,191 - INFO - 컬렉션 darkleak의 총 문서 수: 0
2024-12-18 09:32:40,195 - INFO - 컬렉션 rhysida의 총 문서 수: 0
2024-12-18 09:32:40,200 - INFO - 컬렉션 island의 총 문서 수: 0
2024-12-18 09:32:40,206 - INFO - 컬렉션 ctifeeds의 총 문서 수: 0
2024-12-18 09:32:40,208 - INFO - 컬렉션 blacksuit의 총 문서 수: 0
2024-12-18 09:32:40,211 - INFO - 컬렉션 darknetARMY의 총 문서 수: 0
2024-12-18 09:32:40,214 - INFO - 컬렉션 htdark의 총 문서 수: 0
2024-12-18 09:32:40,219 - INFO - 컬렉션 breachdetector의 총 문서 수: 0
2024-12-18 09:32:40,223 - INFO - 컬렉션 leakbase의 총 문서 수: 0
2024-12-18 09:32:40,226 - INFO - 컬렉션 lockbit의 총 문서 수: 0
2024-12-18 09:32:40,229 - INFO - 컬렉션 play의 총 문서 수: 0
2024-12-18 09:32:40,232 - INFO - 컬렉션 abyss의 총 문서 수: 0
2024-12-18 09:32:40,237 - INFO - 컬렉션 daixin의 총 문서 수: 0
2024-12-18 09:32:40,241 - INFO - 컬렉션 blackbasta의 총 문서 수: 0
2024-12-18 09:32:40,247 - INFO - 컬렉션 everest의 총 문서 수: 0
2024-12-18 09:32:50,301 - INFO - 데이터베이스 확인 중... (간격: 10초)
2024-12-18 09:32:50,308 - INFO - 컬렉션 darkleak의 총 문서 수: 0
2024-12-18 09:32:50,312 - INFO - 컬렉션 rhysida의 총 문서 수: 0
2024-12-18 09:32:50,316 - INFO - 컬렉션 island의 총 문서 수: 0
2024-12-18 09:32:50,320 - INFO - 컬렉션 ctifeeds의 총 문서 수: 0
2024-12-18 09:32:50,323 - INFO - 컬렉션 blacksuit의 총 문서 수: 0
2024-12-18 09:32:50,325 - INFO - 컬렉션 darknetARMY의 총 문서 수: 0
2024-12-18 09:32:50,327 - INFO - 컬렉션 htdark의 총 문서 수: 0
2024-12-18 09:32:50,330 - INFO - 컬렉션 breachdetector의 총 문서 수: 0
2024-12-18 09:32:50,333 - INFO - 컬렉션 leakbase의 총 문서 수: 0
2024-12-18 09:32:50,336 - INFO - 컬렉션 lockbit의 총 문서 수: 0
2024-12-18 09:32:50,338 - INFO - 컬렉션 play의 총 문서 수: 0
2024-12-18 09:32:50,340 - INFO - 컬렉션 abyss의 총 문서 수: 0
2024-12-18 09:32:50,341 - INFO - 컬렉션 daixin의 총 문서 수: 0
2024-12-18 09:32:50,343 - INFO - 컬렉션 blackbasta의 총 문서 수: 0
2024-12-18 09:32:50,346 - INFO - 컬렉션 everest의 총 문서 수: 0
2024-12-18 09:33:00,386 - INFO - 데이터베이스 확인 중... (간격: 10초)
2024-12-18 09:33:00,391 - INFO - 컬렉션 darkleak의 총 문서 수: 0
2024-12-18 09:33:00,395 - INFO - 컬렉션 rhysida의 총 문서 수: 0
2024-12-18 09:33:00,401 - INFO - 컬렉션 island의 총 문서 수: 0
2024-12-18 09:33:00,404 - INFO - 컬렉션 ctifeeds의 총 문서 수: 0
2024-12-18 09:33:00,407 - INFO - 컬렉션 blacksuit의 총 문서 수: 0
2024-12-18 09:33:00,409 - INFO - 컬렉션 darknetARMY의 총 문서 수: 0
2024-12-18 09:33:00,412 - INFO - 컬렉션 htdark의 총 문서 수: 0
2024-12-18 09:33:00,414 - INFO - 컬렉션 breachdetector의 총 문서 수: 0
2024-12-18 09:33:00,418 - INFO - 컬렉션 leakbase의 총 문서 수: 0
2024-12-18 09:33:00,420 - INFO - 컬렉션 lockbit의 총 문서 수: 0
2024-12-18 09:33:00,422 - INFO - 컬렉션 play의 총 문서 수: 0
2024-12-18 09:33:00,424 - INFO - 컬렉션 abyss의 총 문서 수: 0
2024-12-18 09:33:00,426 - INFO - 컬렉션 daixin의 총 문서 수: 0
2024-12-18 09:33:00,428 - INFO - 컬렉션 blackbasta의 총 문서 수: 0
2024-12-18 09:33:00,430 - INFO - 컬렉션 everest의 총 문서 수: 0
2024-12-18 09:33:10,461 - INFO - 데이터베이스 확인 중... (간격: 10초)
2024-12-18 09:33:10,463 - INFO - 컬렉션 darkleak의 총 문서 수: 0
2024-12-18 09:33:10,467 - INFO - 컬렉션 rhysida의 총 문서 수: 0
2024-12-18 09:33:10,470 - INFO - 컬렉션 island의 총 문서 수: 0
2024-12-18 09:33:10,474 - INFO - 컬렉션 ctifeeds의 총 문서 수: 0
2024-12-18 09:33:10,478 - INFO - 컬렉션 blacksuit의 총 문서 수: 0
2024-12-18 09:33:10,480 - INFO - 컬렉션 darknetARMY의 총 문서 수: 0
2024-12-18 09:33:10,487 - INFO - 컬렉션 htdark의 총 문서 수: 0
2024-12-18 09:33:10,489 - INFO - 컬렉션 breachdetector의 총 문서 수: 0
2024-12-18 09:33:10,492 - INFO - 컬렉션 leakbase의 총 문서 수: 0
2024-12-18 09:33:10,494 - INFO - 컬렉션 lockbit의 총 문서 수: 0
2024-12-18 09:33:10,497 - INFO - 컬렉션 play의 총 문서 수: 0
2024-12-18 09:33:10,500 - INFO - 컬렉션 abyss의 총 문서 수: 0
2024-12-18 09:33:10,504 - INFO - 컬렉션 daixin의 총 문서 수: 0
2024-12-18 09:33:10,507 - INFO - 컬렉션 blackbasta의 총 문서 수: 0
2024-12-18 09:33:10,509 - INFO - 컬렉션 everest의 총 문서 수: 0
2024-12-18 09:33:20,552 - INFO - 데이터베이스 확인 중... (간격: 10초)
2024-12-18 09:33:20,558 - INFO - 컬렉션 darkleak의 총 문서 수: 0
2024-12-18 09:33:20,564 - INFO - 컬렉션 rhysida의 총 문서 수: 0
2024-12-18 09:33:20,570 - INFO - 컬렉션 island의 총 문서 수: 0
2024-12-18 09:33:20,574 - INFO - 컬렉션 ctifeeds의 총 문서 수: 0
2024-12-18 09:33:20,577 - INFO - 컬렉션 blacksuit의 총 문서 수: 0
2024-12-18 09:33:20,579 - INFO - 컬렉션 darknetARMY의 총 문서 수: 0
2024-12-18 09:33:20,582 - INFO - 컬렉션 htdark의 총 문서 수: 0
2024-12-18 09:33:20,585 - INFO - 컬렉션 breachdetector의 총 문서 수: 0
2024-12-18 09:33:20,589 - INFO - 컬렉션 leakbase의 총 문서 수: 0
2024-12-18 09:33:20,591 - INFO - 컬렉션 lockbit의 총 문서 수: 0
2024-12-18 09:33:20,593 - INFO - 컬렉션 play의 총 문서 수: 0
2024-12-18 09:33:20,596 - INFO - 컬렉션 abyss의 총 문서 수: 0
2024-12-18 09:33:20,599 - INFO - 컬렉션 daixin의 총 문서 수: 0
2024-12-18 09:33:20,602 - INFO - 컬렉션 blackbasta의 총 문서 수: 0
2024-12-18 09:33:20,605 - INFO - 컬렉션 everest의 총 문서 수: 0
2024-12-18 09:33:30,652 - INFO - 데이터베이스 확인 중... (간격: 10초)
2024-12-18 09:33:30,658 - INFO - 컬렉션 darkleak의 총 문서 수: 0
2024-12-18 09:33:30,665 - INFO - 컬렉션 rhysida의 총 문서 수: 0
2024-12-18 09:33:30,670 - INFO - 컬렉션 island의 총 문서 수: 0
2024-12-18 09:33:30,676 - INFO - 컬렉션 ctifeeds의 총 문서 수: 0
2024-12-18 09:33:30,679 - INFO - 컬렉션 blacksuit의 총 문서 수: 0
2024-12-18 09:33:30,685 - INFO - 컬렉션 darknetARMY의 총 문서 수: 0
2024-12-18 09:33:30,688 - INFO - 컬렉션 htdark의 총 문서 수: 0
2024-12-18 09:33:30,691 - INFO - 컬렉션 breachdetector의 총 문서 수: 0
2024-12-18 09:33:30,694 - INFO - 컬렉션 leakbase의 총 문서 수: 0
2024-12-18 09:33:30,697 - INFO - 컬렉션 lockbit의 총 문서 수: 0
2024-12-18 09:33:30,701 - INFO - 컬렉션 play의 총 문서 수: 0
2024-12-18 09:33:30,705 - INFO - 컬렉션 abyss의 총 문서 수: 0
2024-12-18 09:33:30,707 - INFO - 컬렉션 daixin의 총 문서 수: 0
2024-12-18 09:33:30,710 - INFO - 컬렉션 blackbasta의 총 문서 수: 0
2024-12-18 09:33:30,712 - INFO - 컬렉션 everest의 총 문서 수: 0
2024-12-18 09:33:40,757 - INFO - 데이터베이스 확인 중... (간격: 10초)
2024-12-18 09:33:40,759 - INFO - 컬렉션 darkleak의 총 문서 수: 0
2024-12-18 09:33:40,762 - INFO - 컬렉션 rhysida의 총 문서 수: 0
2024-12-18 09:33:40,765 - INFO - 컬렉션 island의 총 문서 수: 0
2024-12-18 09:33:40,768 - INFO - 컬렉션 ctifeeds의 총 문서 수: 0
2024-12-18 09:33:40,772 - INFO - 컬렉션 blacksuit의 총 문서 수: 0
2024-12-18 09:33:40,774 - INFO - 컬렉션 darknetARMY의 총 문서 수: 0
2024-12-18 09:33:40,778 - INFO - 컬렉션 htdark의 총 문서 수: 0
2024-12-18 09:33:40,780 - INFO - 컬렉션 breachdetector의 총 문서 수: 0
2024-12-18 09:33:40,783 - INFO - 컬렉션 leakbase의 총 문서 수: 0
2024-12-18 09:33:40,786 - INFO - 컬렉션 lockbit의 총 문서 수: 0
2024-12-18 09:33:40,790 - INFO - 컬렉션 play의 총 문서 수: 0
2024-12-18 09:33:40,792 - INFO - 컬렉션 abyss의 총 문서 수: 0
2024-12-18 09:33:40,794 - INFO - 컬렉션 daixin의 총 문서 수: 0
2024-12-18 09:33:40,796 - INFO - 컬렉션 blackbasta의 총 문서 수: 0
2024-12-18 09:33:40,799 - INFO - 컬렉션 everest의 총 문서 수: 0
2024-12-18 09:33:50,822 - INFO - 데이터베이스 확인 중... (간격: 10초)
2024-12-18 09:33:50,825 - INFO - 컬렉션 darkleak의 총 문서 수: 0
2024-12-18 09:33:50,828 - INFO - 컬렉션 rhysida의 총 문서 수: 0
2024-12-18 09:33:50,833 - INFO - 컬렉션 island의 총 문서 수: 0
2024-12-18 09:33:50,836 - INFO - 컬렉션 ctifeeds의 총 문서 수: 0
2024-12-18 09:33:50,839 - INFO - 컬렉션 blacksuit의 총 문서 수: 0
2024-12-18 09:33:50,842 - INFO - 컬렉션 darknetARMY의 총 문서 수: 0
2024-12-18 09:33:50,844 - INFO - 컬렉션 htdark의 총 문서 수: 0
2024-12-18 09:33:50,847 - INFO - 컬렉션 breachdetector의 총 문서 수: 0
2024-12-18 09:33:50,851 - INFO - 컬렉션 leakbase의 총 문서 수: 0
2024-12-18 09:33:50,853 - INFO - 컬렉션 lockbit의 총 문서 수: 0
2024-12-18 09:33:50,855 - INFO - 컬렉션 play의 총 문서 수: 0
2024-12-18 09:33:50,858 - INFO - 컬렉션 abyss의 총 문서 수: 0
2024-12-18 09:33:50,860 - INFO - 컬렉션 daixin의 총 문서 수: 0
2024-12-18 09:33:50,861 - INFO - 컬렉션 blackbasta의 총 문서 수: 0
2024-12-18 09:33:50,863 - INFO - 컬렉션 everest의 총 문서 수: 0
2024-12-18 09:34:00,897 - INFO - 데이터베이스 확인 중... (간격: 10초)
2024-12-18 09:34:00,900 - INFO - 컬렉션 darkleak의 총 문서 수: 0
2024-12-18 09:34:00,903 - INFO - 컬렉션 rhysida의 총 문서 수: 0
2024-12-18 09:34:00,906 - INFO - 컬렉션 island의 총 문서 수: 0
2024-12-18 09:34:00,909 - INFO - 컬렉션 ctifeeds의 총 문서 수: 0
2024-12-18 09:34:00,913 - INFO - 컬렉션 blacksuit의 총 문서 수: 0
2024-12-18 09:34:00,917 - INFO - 컬렉션 darknetARMY의 총 문서 수: 0
2024-12-18 09:34:00,920 - INFO - 컬렉션 htdark의 총 문서 수: 0
2024-12-18 09:34:00,923 - INFO - 컬렉션 breachdetector의 총 문서 수: 0
2024-12-18 09:34:00,925 - INFO - 컬렉션 leakbase의 총 문서 수: 0
2024-12-18 09:34:00,928 - INFO - 컬렉션 lockbit의 총 문서 수: 0
2024-12-18 09:34:00,930 - INFO - 컬렉션 play의 총 문서 수: 0
2024-12-18 09:34:00,933 - INFO - 컬렉션 abyss의 총 문서 수: 0
2024-12-18 09:34:00,936 - INFO - 컬렉션 daixin의 총 문서 수: 0
2024-12-18 09:34:00,938 - INFO - 컬렉션 blackbasta의 총 문서 수: 0
2024-12-18 09:34:00,939 - INFO - 컬렉션 everest의 총 문서 수: 0
2024-12-18 09:34:10,960 - INFO - 데이터베이스 확인 중... (간격: 10초)
2024-12-18 09:34:10,962 - INFO - 컬렉션 darkleak의 총 문서 수: 0
2024-12-18 09:34:10,965 - INFO - 컬렉션 rhysida의 총 문서 수: 0
2024-12-18 09:34:10,968 - INFO - 컬렉션 island의 총 문서 수: 0
2024-12-18 09:34:10,971 - INFO - 컬렉션 ctifeeds의 총 문서 수: 0
2024-12-18 09:34:10,974 - INFO - 컬렉션 blacksuit의 총 문서 수: 0
2024-12-18 09:34:10,977 - INFO - 컬렉션 darknetARMY의 총 문서 수: 0
2024-12-18 09:34:10,980 - INFO - 컬렉션 htdark의 총 문서 수: 0
2024-12-18 09:34:10,983 - INFO - 컬렉션 breachdetector의 총 문서 수: 0
2024-12-18 09:34:10,986 - INFO - 컬렉션 leakbase의 총 문서 수: 0
2024-12-18 09:34:10,989 - INFO - 컬렉션 lockbit의 총 문서 수: 0
2024-12-18 09:34:10,992 - INFO - 컬렉션 play의 총 문서 수: 0
2024-12-18 09:34:10,994 - INFO - 컬렉션 abyss의 총 문서 수: 0
2024-12-18 09:34:10,997 - INFO - 컬렉션 daixin의 총 문서 수: 0
2024-12-18 09:34:11,000 - INFO - 컬렉션 blackbasta의 총 문서 수: 0
2024-12-18 09:34:11,003 - INFO - 컬렉션 everest의 총 문서 수: 0
2024-12-18 09:34:21,018 - INFO - 데이터베이스 확인 중... (간격: 10초)
2024-12-18 09:34:21,021 - INFO - 컬렉션 darkleak의 총 문서 수: 0
2024-12-18 09:34:21,023 - INFO - 컬렉션 rhysida의 총 문서 수: 0
2024-12-18 09:34:21,025 - INFO - 컬렉션 island의 총 문서 수: 0
2024-12-18 09:34:21,028 - INFO - 컬렉션 ctifeeds의 총 문서 수: 0
2024-12-18 09:34:21,030 - INFO - 컬렉션 blacksuit의 총 문서 수: 0
2024-12-18 09:34:21,033 - INFO - 컬렉션 darknetARMY의 총 문서 수: 0
2024-12-18 09:34:21,036 - INFO - 컬렉션 htdark의 총 문서 수: 0
2024-12-18 09:34:21,040 - INFO - 컬렉션 breachdetector의 총 문서 수: 0
2024-12-18 09:34:21,042 - INFO - 컬렉션 leakbase의 총 문서 수: 0
2024-12-18 09:34:21,045 - INFO - 컬렉션 lockbit의 총 문서 수: 0
2024-12-18 09:34:21,048 - INFO - 컬렉션 play의 총 문서 수: 0
2024-12-18 09:34:21,051 - INFO - 컬렉션 abyss의 총 문서 수: 0
2024-12-18 09:34:21,054 - INFO - 컬렉션 daixin의 총 문서 수: 0
2024-12-18 09:34:21,056 - INFO - 컬렉션 blackbasta의 총 문서 수: 0
2024-12-18 09:34:21,059 - INFO - 컬렉션 everest의 총 문서 수: 0
2024-12-18 09:34:31,101 - INFO - 데이터베이스 확인 중... (간격: 10초)
2024-12-18 09:34:31,106 - INFO - 컬렉션 darkleak의 총 문서 수: 0
2024-12-18 09:34:31,109 - INFO - 컬렉션 rhysida의 총 문서 수: 0
2024-12-18 09:34:31,113 - INFO - 컬렉션 island의 총 문서 수: 0
2024-12-18 09:34:31,118 - INFO - 컬렉션 ctifeeds의 총 문서 수: 0
2024-12-18 09:34:31,121 - INFO - 컬렉션 blacksuit의 총 문서 수: 0
2024-12-18 09:34:31,123 - INFO - 컬렉션 darknetARMY의 총 문서 수: 0
2024-12-18 09:34:31,126 - INFO - 컬렉션 htdark의 총 문서 수: 0
2024-12-18 09:34:31,129 - INFO - 컬렉션 breachdetector의 총 문서 수: 0
2024-12-18 09:34:31,131 - INFO - 컬렉션 leakbase의 총 문서 수: 0
2024-12-18 09:34:31,135 - INFO - 컬렉션 lockbit의 총 문서 수: 0
2024-12-18 09:34:31,138 - INFO - 컬렉션 play의 총 문서 수: 0
2024-12-18 09:34:31,140 - INFO - 컬렉션 abyss의 총 문서 수: 0
2024-12-18 09:34:31,142 - INFO - 컬렉션 daixin의 총 문서 수: 0
2024-12-18 09:34:31,144 - INFO - 컬렉션 blackbasta의 총 문서 수: 0
2024-12-18 09:34:31,147 - INFO - 컬렉션 everest의 총 문서 수: 0
2024-12-18 09:34:41,197 - INFO - 데이터베이스 확인 중... (간격: 10초)
2024-12-18 09:34:41,203 - INFO - 컬렉션 darkleak의 총 문서 수: 0
2024-12-18 09:34:41,208 - INFO - 컬렉션 rhysida의 총 문서 수: 0
2024-12-18 09:34:41,212 - INFO - 컬렉션 island의 총 문서 수: 0
2024-12-18 09:34:41,216 - INFO - 컬렉션 ctifeeds의 총 문서 수: 0
2024-12-18 09:34:41,220 - INFO - 컬렉션 blacksuit의 총 문서 수: 0
2024-12-18 09:34:41,223 - INFO - 컬렉션 darknetARMY의 총 문서 수: 0
2024-12-18 09:34:41,227 - INFO - 컬렉션 htdark의 총 문서 수: 0
2024-12-18 09:34:41,231 - INFO - 컬렉션 breachdetector의 총 문서 수: 0
2024-12-18 09:34:41,234 - INFO - 컬렉션 leakbase의 총 문서 수: 0
2024-12-18 09:34:41,237 - INFO - 컬렉션 lockbit의 총 문서 수: 0
2024-12-18 09:34:41,240 - INFO - 컬렉션 play의 총 문서 수: 0
2024-12-18 09:34:41,243 - INFO - 컬렉션 abyss의 총 문서 수: 0
2024-12-18 09:34:41,246 - INFO - 컬렉션 daixin의 총 문서 수: 0
2024-12-18 09:34:41,248 - INFO - 컬렉션 blackbasta의 총 문서 수: 0
2024-12-18 09:34:41,251 - INFO - 컬렉션 everest의 총 문서 수: 0
2024-12-18 09:34:51,266 - INFO - 데이터베이스 확인 중... (간격: 10초)
2024-12-18 09:34:51,269 - INFO - 컬렉션 darkleak의 총 문서 수: 0
2024-12-18 09:34:51,272 - INFO - 컬렉션 rhysida의 총 문서 수: 0
2024-12-18 09:34:51,274 - INFO - 컬렉션 island의 총 문서 수: 0
2024-12-18 09:34:51,277 - INFO - 컬렉션 ctifeeds의 총 문서 수: 0
2024-12-18 09:34:51,282 - INFO - 컬렉션 blacksuit의 총 문서 수: 0
2024-12-18 09:34:51,285 - INFO - 컬렉션 darknetARMY의 총 문서 수: 0
2024-12-18 09:34:51,290 - INFO - 컬렉션 htdark의 총 문서 수: 0
2024-12-18 09:34:51,293 - INFO - 컬렉션 breachdetector의 총 문서 수: 0
2024-12-18 09:34:51,298 - INFO - 컬렉션 leakbase의 총 문서 수: 0
2024-12-18 09:34:51,303 - INFO - 컬렉션 lockbit의 총 문서 수: 0
2024-12-18 09:34:51,308 - INFO - 컬렉션 play의 총 문서 수: 0
2024-12-18 09:34:51,310 - INFO - 컬렉션 abyss의 총 문서 수: 0
2024-12-18 09:34:51,313 - INFO - 컬렉션 daixin의 총 문서 수: 0
2024-12-18 09:34:51,317 - INFO - 컬렉션 blackbasta의 총 문서 수: 0
2024-12-18 09:34:51,322 - INFO - 컬렉션 everest의 총 문서 수: 0
2024-12-18 09:35:01,343 - INFO - 데이터베이스 확인 중... (간격: 10초)
2024-12-18 09:35:01,345 - INFO - 컬렉션 darkleak의 총 문서 수: 0
2024-12-18 09:35:01,347 - INFO - 컬렉션 rhysida의 총 문서 수: 0
2024-12-18 09:35:01,351 - INFO - 컬렉션 island의 총 문서 수: 0
2024-12-18 09:35:01,355 - INFO - 컬렉션 ctifeeds의 총 문서 수: 0
2024-12-18 09:35:01,358 - INFO - 컬렉션 blacksuit의 총 문서 수: 0
2024-12-18 09:35:01,361 - INFO - 컬렉션 darknetARMY의 총 문서 수: 0
2024-12-18 09:35:01,364 - INFO - 컬렉션 htdark의 총 문서 수: 0
2024-12-18 09:35:01,369 - INFO - 컬렉션 breachdetector의 총 문서 수: 0
2024-12-18 09:35:01,372 - INFO - 컬렉션 leakbase의 총 문서 수: 0
2024-12-18 09:35:01,375 - INFO - 컬렉션 lockbit의 총 문서 수: 0
2024-12-18 09:35:01,378 - INFO - 컬렉션 play의 총 문서 수: 0
2024-12-18 09:35:01,380 - INFO - 컬렉션 abyss의 총 문서 수: 0
2024-12-18 09:35:01,384 - INFO - 컬렉션 daixin의 총 문서 수: 0
2024-12-18 09:35:01,386 - INFO - 컬렉션 blackbasta의 총 문서 수: 0
2024-12-18 09:35:01,389 - INFO - 컬렉션 everest의 총 문서 수: 0
2024-12-18 09:35:11,429 - INFO - 데이터베이스 확인 중... (간격: 10초)
2024-12-18 09:35:11,436 - INFO - 컬렉션 darkleak의 총 문서 수: 0
2024-12-18 09:35:11,441 - INFO - 컬렉션 rhysida의 총 문서 수: 0
2024-12-18 09:35:11,444 - INFO - 컬렉션 island의 총 문서 수: 0
2024-12-18 09:35:11,447 - INFO - 컬렉션 ctifeeds의 총 문서 수: 0
2024-12-18 09:35:11,451 - INFO - 컬렉션 blacksuit의 총 문서 수: 0
2024-12-18 09:35:11,453 - INFO - 컬렉션 darknetARMY의 총 문서 수: 0
2024-12-18 09:35:11,455 - INFO - 컬렉션 htdark의 총 문서 수: 0
2024-12-18 09:35:11,458 - INFO - 컬렉션 breachdetector의 총 문서 수: 0
2024-12-18 09:35:11,460 - INFO - 컬렉션 leakbase의 총 문서 수: 0
2024-12-18 09:35:11,462 - INFO - 컬렉션 lockbit의 총 문서 수: 0
2024-12-18 09:35:11,463 - INFO - 컬렉션 play의 총 문서 수: 0
2024-12-18 09:35:11,466 - INFO - 컬렉션 abyss의 총 문서 수: 0
2024-12-18 09:35:11,467 - INFO - 컬렉션 daixin의 총 문서 수: 0
2024-12-18 09:35:11,470 - INFO - 컬렉션 blackbasta의 총 문서 수: 0
2024-12-18 09:35:11,471 - INFO - 컬렉션 everest의 총 문서 수: 0
2024-12-18 09:35:21,513 - INFO - 데이터베이스 확인 중... (간격: 10초)
2024-12-18 09:35:21,516 - INFO - 컬렉션 darkleak의 총 문서 수: 0
2024-12-18 09:35:21,518 - INFO - 컬렉션 rhysida의 총 문서 수: 0
2024-12-18 09:35:21,522 - INFO - 컬렉션 island의 총 문서 수: 0
2024-12-18 09:35:21,524 - INFO - 컬렉션 ctifeeds의 총 문서 수: 0
2024-12-18 09:35:21,526 - INFO - 컬렉션 blacksuit의 총 문서 수: 0
2024-12-18 09:35:21,530 - INFO - 컬렉션 darknetARMY의 총 문서 수: 0
2024-12-18 09:35:21,532 - INFO - 컬렉션 htdark의 총 문서 수: 0
2024-12-18 09:35:21,534 - INFO - 컬렉션 breachdetector의 총 문서 수: 0
2024-12-18 09:35:21,536 - INFO - 컬렉션 leakbase의 총 문서 수: 0
2024-12-18 09:35:21,539 - INFO - 컬렉션 lockbit의 총 문서 수: 0
2024-12-18 09:35:21,541 - INFO - 컬렉션 play의 총 문서 수: 0
2024-12-18 09:35:21,543 - INFO - 컬렉션 abyss의 총 문서 수: 0
2024-12-18 09:35:21,546 - INFO - 컬렉션 daixin의 총 문서 수: 0
2024-12-18 09:35:21,549 - INFO - 컬렉션 blackbasta의 총 문서 수: 0
2024-12-18 09:35:21,553 - INFO - 컬렉션 everest의 총 문서 수: 0
2024-12-18 09:35:31,602 - INFO - 데이터베이스 확인 중... (간격: 10초)
2024-12-18 09:35:31,609 - INFO - 컬렉션 darkleak의 총 문서 수: 0
2024-12-18 09:35:31,615 - INFO - 컬렉션 rhysida의 총 문서 수: 0
2024-12-18 09:35:31,620 - INFO - 컬렉션 island의 총 문서 수: 0
2024-12-18 09:35:31,625 - INFO - 컬렉션 ctifeeds의 총 문서 수: 0
2024-12-18 09:35:31,627 - INFO - 컬렉션 blacksuit의 총 문서 수: 0
2024-12-18 09:35:31,631 - INFO - 컬렉션 darknetARMY의 총 문서 수: 0
2024-12-18 09:35:31,634 - INFO - 컬렉션 htdark의 총 문서 수: 0
2024-12-18 09:35:31,637 - INFO - 컬렉션 breachdetector의 총 문서 수: 0
2024-12-18 09:35:31,640 - INFO - 컬렉션 leakbase의 총 문서 수: 0
2024-12-18 09:35:31,643 - INFO - 컬렉션 lockbit의 총 문서 수: 0
2024-12-18 09:35:31,646 - INFO - 컬렉션 play의 총 문서 수: 0
2024-12-18 09:35:31,651 - INFO - 컬렉션 abyss의 총 문서 수: 0
2024-12-18 09:35:31,654 - INFO - 컬렉션 daixin의 총 문서 수: 0
2024-12-18 09:35:31,656 - INFO - 컬렉션 blackbasta의 총 문서 수: 0
2024-12-18 09:35:31,660 - INFO - 컬렉션 everest의 총 문서 수: 0
2024-12-18 09:35:41,697 - INFO - 데이터베이스 확인 중... (간격: 10초)
2024-12-18 09:35:41,704 - INFO - 컬렉션 darkleak의 총 문서 수: 0
2024-12-18 09:35:41,709 - INFO - 컬렉션 rhysida의 총 문서 수: 0
2024-12-18 09:35:41,714 - INFO - 컬렉션 island의 총 문서 수: 0
2024-12-18 09:35:41,718 - INFO - 컬렉션 ctifeeds의 총 문서 수: 0
2024-12-18 09:35:41,723 - INFO - 컬렉션 blacksuit의 총 문서 수: 0
2024-12-18 09:35:41,726 - INFO - 컬렉션 darknetARMY의 총 문서 수: 0
2024-12-18 09:35:41,730 - INFO - 컬렉션 htdark의 총 문서 수: 0
2024-12-18 09:35:41,734 - INFO - 컬렉션 breachdetector의 총 문서 수: 0
2024-12-18 09:35:41,737 - INFO - 컬렉션 leakbase의 총 문서 수: 0
2024-12-18 09:35:41,740 - INFO - 컬렉션 lockbit의 총 문서 수: 0
2024-12-18 09:35:41,745 - INFO - 컬렉션 play의 총 문서 수: 0
2024-12-18 09:35:41,749 - INFO - 컬렉션 abyss의 총 문서 수: 0
2024-12-18 09:35:41,753 - INFO - 컬렉션 daixin의 총 문서 수: 0
2024-12-18 09:35:41,756 - INFO - 컬렉션 blackbasta의 총 문서 수: 0
2024-12-18 09:35:41,760 - INFO - 컬렉션 everest의 총 문서 수: 0
2024-12-18 09:35:51,817 - INFO - 데이터베이스 확인 중... (간격: 10초)
2024-12-18 09:35:51,823 - INFO - 컬렉션 darkleak의 총 문서 수: 0
2024-12-18 09:35:51,830 - INFO - 컬렉션 rhysida의 총 문서 수: 0
2024-12-18 09:35:51,833 - INFO - 컬렉션 island의 총 문서 수: 0
2024-12-18 09:35:51,837 - INFO - 컬렉션 ctifeeds의 총 문서 수: 0
2024-12-18 09:35:51,841 - INFO - 컬렉션 blacksuit의 총 문서 수: 0
2024-12-18 09:35:51,844 - INFO - 컬렉션 darknetARMY의 총 문서 수: 0
2024-12-18 09:35:51,848 - INFO - 컬렉션 htdark의 총 문서 수: 0
2024-12-18 09:35:51,851 - INFO - 컬렉션 breachdetector의 총 문서 수: 0
2024-12-18 09:35:51,855 - INFO - 컬렉션 leakbase의 총 문서 수: 0
2024-12-18 09:35:51,858 - INFO - 컬렉션 lockbit의 총 문서 수: 0
2024-12-18 09:35:51,861 - INFO - 컬렉션 play의 총 문서 수: 0
2024-12-18 09:35:51,864 - INFO - 컬렉션 abyss의 총 문서 수: 0
2024-12-18 09:35:51,867 - INFO - 컬렉션 daixin의 총 문서 수: 0
2024-12-18 09:35:51,871 - INFO - 컬렉션 blackbasta의 총 문서 수: 0
2024-12-18 09:35:51,875 - INFO - 컬렉션 everest의 총 문서 수: 0
2024-12-18 09:36:01,909 - INFO - 데이터베이스 확인 중... (간격: 10초)
2024-12-18 09:36:01,914 - INFO - 컬렉션 darkleak의 총 문서 수: 0
2024-12-18 09:36:01,917 - INFO - 컬렉션 rhysida의 총 문서 수: 0
2024-12-18 09:36:01,922 - INFO - 컬렉션 island의 총 문서 수: 0
2024-12-18 09:36:01,926 - INFO - 컬렉션 ctifeeds의 총 문서 수: 0
2024-12-18 09:36:01,931 - INFO - 컬렉션 blacksuit의 총 문서 수: 0
2024-12-18 09:36:01,935 - INFO - 컬렉션 darknetARMY의 총 문서 수: 0
2024-12-18 09:36:01,940 - INFO - 컬렉션 htdark의 총 문서 수: 0
2024-12-18 09:36:01,944 - INFO - 컬렉션 breachdetector의 총 문서 수: 0
2024-12-18 09:36:01,948 - INFO - 컬렉션 leakbase의 총 문서 수: 0
2024-12-18 09:36:01,952 - INFO - 컬렉션 lockbit의 총 문서 수: 0
2024-12-18 09:36:01,955 - INFO - 컬렉션 play의 총 문서 수: 0
2024-12-18 09:36:01,959 - INFO - 컬렉션 abyss의 총 문서 수: 0
2024-12-18 09:36:01,963 - INFO - 컬렉션 daixin의 총 문서 수: 0
2024-12-18 09:36:01,967 - INFO - 컬렉션 blackbasta의 총 문서 수: 0
2024-12-18 09:36:01,972 - INFO - 컬렉션 everest의 총 문서 수: 0
2024-12-18 09:36:12,016 - INFO - 데이터베이스 확인 중... (간격: 10초)
2024-12-18 09:36:12,020 - INFO - 컬렉션 darkleak의 총 문서 수: 0
2024-12-18 09:36:12,024 - INFO - 컬렉션 rhysida의 총 문서 수: 0
2024-12-18 09:36:12,026 - INFO - 컬렉션 island의 총 문서 수: 0
2024-12-18 09:36:12,028 - INFO - 컬렉션 ctifeeds의 총 문서 수: 0
2024-12-18 09:36:12,029 - INFO - 컬렉션 blacksuit의 총 문서 수: 0
2024-12-18 09:36:12,033 - INFO - 컬렉션 darknetARMY의 총 문서 수: 0
2024-12-18 09:36:12,036 - INFO - 컬렉션 htdark의 총 문서 수: 0
2024-12-18 09:36:12,039 - INFO - 컬렉션 breachdetector의 총 문서 수: 0
2024-12-18 09:36:12,042 - INFO - 컬렉션 leakbase의 총 문서 수: 0
2024-12-18 09:36:12,044 - INFO - 컬렉션 lockbit의 총 문서 수: 0
2024-12-18 09:36:12,047 - INFO - 컬렉션 play의 총 문서 수: 0
2024-12-18 09:36:12,051 - INFO - 컬렉션 abyss의 총 문서 수: 0
2024-12-18 09:36:12,053 - INFO - 컬렉션 daixin의 총 문서 수: 0
2024-12-18 09:36:12,054 - INFO - 컬렉션 blackbasta의 총 문서 수: 0
2024-12-18 09:36:12,057 - INFO - 컬렉션 everest의 총 문서 수: 0
2024-12-18 09:36:22,109 - INFO - 데이터베이스 확인 중... (간격: 10초)
2024-12-18 09:36:22,115 - INFO - 컬렉션 darkleak의 총 문서 수: 0
2024-12-18 09:36:22,120 - INFO - 컬렉션 rhysida의 총 문서 수: 0
2024-12-18 09:36:22,125 - INFO - 컬렉션 island의 총 문서 수: 0
2024-12-18 09:36:22,129 - INFO - 컬렉션 ctifeeds의 총 문서 수: 0
2024-12-18 09:36:22,132 - INFO - 컬렉션 blacksuit의 총 문서 수: 0
2024-12-18 09:36:22,137 - INFO - 컬렉션 darknetARMY의 총 문서 수: 0
2024-12-18 09:36:22,140 - INFO - 컬렉션 htdark의 총 문서 수: 0
2024-12-18 09:36:22,142 - INFO - 컬렉션 breachdetector의 총 문서 수: 0
2024-12-18 09:36:22,145 - INFO - 컬렉션 leakbase의 총 문서 수: 0
2024-12-18 09:36:22,147 - INFO - 컬렉션 lockbit의 총 문서 수: 0
2024-12-18 09:36:22,151 - INFO - 컬렉션 play의 총 문서 수: 0
2024-12-18 09:36:22,154 - INFO - 컬렉션 abyss의 총 문서 수: 0
2024-12-18 09:36:22,156 - INFO - 컬렉션 daixin의 총 문서 수: 0
2024-12-18 09:36:22,157 - INFO - 컬렉션 blackbasta의 총 문서 수: 0
2024-12-18 09:36:22,159 - INFO - 컬렉션 everest의 총 문서 수: 0
2024-12-18 09:36:32,217 - INFO - 데이터베이스 확인 중... (간격: 10초)
2024-12-18 09:36:32,223 - INFO - 컬렉션 darkleak의 총 문서 수: 0
2024-12-18 09:36:32,227 - INFO - 컬렉션 rhysida의 총 문서 수: 0
2024-12-18 09:36:32,230 - INFO - 컬렉션 island의 총 문서 수: 0
2024-12-18 09:36:32,234 - INFO - 컬렉션 ctifeeds의 총 문서 수: 0
2024-12-18 09:36:32,237 - INFO - 컬렉션 blacksuit의 총 문서 수: 0
2024-12-18 09:36:32,240 - INFO - 컬렉션 darknetARMY의 총 문서 수: 0
2024-12-18 09:36:32,243 - INFO - 컬렉션 htdark의 총 문서 수: 0
2024-12-18 09:36:32,245 - INFO - 컬렉션 breachdetector의 총 문서 수: 0
2024-12-18 09:36:32,248 - INFO - 컬렉션 leakbase의 총 문서 수: 0
2024-12-18 09:36:32,250 - INFO - 컬렉션 lockbit의 총 문서 수: 0
2024-12-18 09:36:32,252 - INFO - 컬렉션 play의 총 문서 수: 0
2024-12-18 09:36:32,255 - INFO - 컬렉션 abyss의 총 문서 수: 0
2024-12-18 09:36:32,257 - INFO - 컬렉션 daixin의 총 문서 수: 0
2024-12-18 09:36:32,259 - INFO - 컬렉션 blackbasta의 총 문서 수: 0
2024-12-18 09:36:32,262 - INFO - 컬렉션 everest의 총 문서 수: 0
2024-12-18 09:36:42,317 - INFO - 데이터베이스 확인 중... (간격: 10초)
2024-12-18 09:36:42,321 - INFO - 컬렉션 darkleak의 총 문서 수: 0
2024-12-18 09:36:42,325 - INFO - 컬렉션 rhysida의 총 문서 수: 0
2024-12-18 09:36:42,328 - INFO - 컬렉션 island의 총 문서 수: 0
2024-12-18 09:36:42,332 - INFO - 컬렉션 ctifeeds의 총 문서 수: 0
2024-12-18 09:36:42,336 - INFO - 컬렉션 blacksuit의 총 문서 수: 0
2024-12-18 09:36:42,338 - INFO - 컬렉션 darknetARMY의 총 문서 수: 0
2024-12-18 09:36:42,341 - INFO - 컬렉션 htdark의 총 문서 수: 0
2024-12-18 09:36:42,345 - INFO - 컬렉션 breachdetector의 총 문서 수: 0
2024-12-18 09:36:42,348 - INFO - 컬렉션 leakbase의 총 문서 수: 0
2024-12-18 09:36:42,352 - INFO - 컬렉션 lockbit의 총 문서 수: 0
2024-12-18 09:36:42,354 - INFO - 컬렉션 play의 총 문서 수: 0
2024-12-18 09:36:42,357 - INFO - 컬렉션 abyss의 총 문서 수: 0
2024-12-18 09:36:42,360 - INFO - 컬렉션 daixin의 총 문서 수: 0
2024-12-18 09:36:42,363 - INFO - 컬렉션 blackbasta의 총 문서 수: 0
2024-12-18 09:36:42,370 - INFO - 컬렉션 everest의 총 문서 수: 0
2024-12-18 09:36:52,426 - INFO - 데이터베이스 확인 중... (간격: 10초)
2024-12-18 09:36:52,432 - INFO - 컬렉션 darkleak의 총 문서 수: 0
2024-12-18 09:36:52,438 - INFO - 컬렉션 rhysida의 총 문서 수: 0
2024-12-18 09:36:52,443 - INFO - 컬렉션 island의 총 문서 수: 0
2024-12-18 09:36:52,447 - INFO - 컬렉션 ctifeeds의 총 문서 수: 0
2024-12-18 09:36:52,450 - INFO - 컬렉션 blacksuit의 총 문서 수: 0
2024-12-18 09:36:52,453 - INFO - 컬렉션 darknetARMY의 총 문서 수: 0
2024-12-18 09:36:52,456 - INFO - 컬렉션 htdark의 총 문서 수: 0
2024-12-18 09:36:52,459 - INFO - 컬렉션 breachdetector의 총 문서 수: 0
2024-12-18 09:36:52,461 - INFO - 컬렉션 leakbase의 총 문서 수: 0
2024-12-18 09:36:52,464 - INFO - 컬렉션 lockbit의 총 문서 수: 0
2024-12-18 09:36:52,467 - INFO - 컬렉션 play의 총 문서 수: 0
2024-12-18 09:36:52,469 - INFO - 컬렉션 abyss의 총 문서 수: 0
2024-12-18 09:36:52,472 - INFO - 컬렉션 daixin의 총 문서 수: 0
2024-12-18 09:36:52,474 - INFO - 컬렉션 blackbasta의 총 문서 수: 0
2024-12-18 09:36:52,475 - INFO - 컬렉션 everest의 총 문서 수: 0
2024-12-18 09:37:02,531 - INFO - 데이터베이스 확인 중... (간격: 10초)
2024-12-18 09:37:02,538 - INFO - 컬렉션 darkleak의 총 문서 수: 0
2024-12-18 09:37:02,542 - INFO - 컬렉션 rhysida의 총 문서 수: 0
2024-12-18 09:37:02,545 - INFO - 컬렉션 island의 총 문서 수: 0
2024-12-18 09:37:02,548 - INFO - 컬렉션 ctifeeds의 총 문서 수: 0
2024-12-18 09:37:02,563 - INFO - 컬렉션 blacksuit의 총 문서 수: 0
2024-12-18 09:37:02,567 - INFO - 컬렉션 darknetARMY의 총 문서 수: 0
2024-12-18 09:37:02,570 - INFO - 컬렉션 htdark의 총 문서 수: 0
2024-12-18 09:37:02,573 - INFO - 컬렉션 breachdetector의 총 문서 수: 0
2024-12-18 09:37:02,577 - INFO - 컬렉션 leakbase의 총 문서 수: 0
2024-12-18 09:37:02,579 - INFO - 컬렉션 lockbit의 총 문서 수: 0
2024-12-18 09:37:02,582 - INFO - 컬렉션 play의 총 문서 수: 0
2024-12-18 09:37:02,585 - INFO - 컬렉션 abyss의 총 문서 수: 0
2024-12-18 09:37:02,588 - INFO - 컬렉션 daixin의 총 문서 수: 0
2024-12-18 09:37:02,590 - INFO - 컬렉션 blackbasta의 총 문서 수: 0
2024-12-18 09:37:02,592 - INFO - 컬렉션 everest의 총 문서 수: 0
2024-12-18 09:37:12,631 - INFO - 데이터베이스 확인 중... (간격: 10초)
2024-12-18 09:37:12,637 - INFO - 컬렉션 darkleak의 총 문서 수: 0
2024-12-18 09:37:12,644 - INFO - 컬렉션 rhysida의 총 문서 수: 0
2024-12-18 09:37:12,650 - INFO - 컬렉션 island의 총 문서 수: 0
2024-12-18 09:37:12,655 - INFO - 컬렉션 ctifeeds의 총 문서 수: 0
2024-12-18 09:37:12,660 - INFO - 컬렉션 blacksuit의 총 문서 수: 0
2024-12-18 09:37:12,664 - INFO - 컬렉션 darknetARMY의 총 문서 수: 0
2024-12-18 09:37:12,669 - INFO - 컬렉션 htdark의 총 문서 수: 0
2024-12-18 09:37:12,672 - INFO - 컬렉션 breachdetector의 총 문서 수: 0
2024-12-18 09:37:12,676 - INFO - 컬렉션 leakbase의 총 문서 수: 0
2024-12-18 09:37:12,680 - INFO - 컬렉션 lockbit의 총 문서 수: 0
2024-12-18 09:37:12,683 - INFO - 컬렉션 play의 총 문서 수: 0
2024-12-18 09:37:12,686 - INFO - 컬렉션 abyss의 총 문서 수: 0
2024-12-18 09:37:12,689 - INFO - 컬렉션 daixin의 총 문서 수: 0
2024-12-18 09:37:12,691 - INFO - 컬렉션 blackbasta의 총 문서 수: 0
2024-12-18 09:37:12,694 - INFO - 컬렉션 everest의 총 문서 수: 0
2024-12-18 09:37:22,756 - INFO - 데이터베이스 확인 중... (간격: 10초)
2024-12-18 09:37:22,762 - INFO - 컬렉션 darkleak의 총 문서 수: 0
2024-12-18 09:37:22,768 - INFO - 컬렉션 rhysida의 총 문서 수: 0
2024-12-18 09:37:22,772 - INFO - 컬렉션 island의 총 문서 수: 0
2024-12-18 09:37:22,775 - INFO - 컬렉션 ctifeeds의 총 문서 수: 0
2024-12-18 09:37:22,778 - INFO - 컬렉션 blacksuit의 총 문서 수: 0
2024-12-18 09:37:22,782 - INFO - 컬렉션 darknetARMY의 총 문서 수: 0
2024-12-18 09:37:22,787 - INFO - 컬렉션 htdark의 총 문서 수: 0
2024-12-18 09:37:22,790 - INFO - 컬렉션 breachdetector의 총 문서 수: 0
2024-12-18 09:37:22,794 - INFO - 컬렉션 leakbase의 총 문서 수: 0
2024-12-18 09:37:22,798 - INFO - 컬렉션 lockbit의 총 문서 수: 0
2024-12-18 09:37:22,802 - INFO - 컬렉션 play의 총 문서 수: 0
2024-12-18 09:37:22,806 - INFO - 컬렉션 abyss의 총 문서 수: 0
2024-12-18 09:37:22,810 - INFO - 컬렉션 daixin의 총 문서 수: 0
2024-12-18 09:37:22,813 - INFO - 컬렉션 blackbasta의 총 문서 수: 0
2024-12-18 09:37:22,817 - INFO - 컬렉션 everest의 총 문서 수: 0
2024-12-18 09:37:32,847 - INFO - 데이터베이스 확인 중... (간격: 10초)
2024-12-18 09:37:32,853 - INFO - 컬렉션 darkleak의 총 문서 수: 0
2024-12-18 09:37:32,858 - INFO - 컬렉션 rhysida의 총 문서 수: 0
2024-12-18 09:37:32,862 - INFO - 컬렉션 island의 총 문서 수: 0
2024-12-18 09:37:32,867 - INFO - 컬렉션 ctifeeds의 총 문서 수: 0
2024-12-18 09:37:32,870 - INFO - 컬렉션 blacksuit의 총 문서 수: 0
2024-12-18 09:37:32,875 - INFO - 컬렉션 darknetARMY의 총 문서 수: 0
2024-12-18 09:37:32,880 - INFO - 컬렉션 htdark의 총 문서 수: 0
2024-12-18 09:37:32,885 - INFO - 컬렉션 breachdetector의 총 문서 수: 0
2024-12-18 09:37:32,888 - INFO - 컬렉션 leakbase의 총 문서 수: 0
2024-12-18 09:37:32,892 - INFO - 컬렉션 lockbit의 총 문서 수: 0
2024-12-18 09:37:32,894 - INFO - 컬렉션 play의 총 문서 수: 0
2024-12-18 09:37:32,898 - INFO - 컬렉션 abyss의 총 문서 수: 0
2024-12-18 09:37:32,901 - INFO - 컬렉션 daixin의 총 문서 수: 0
2024-12-18 09:37:32,904 - INFO - 컬렉션 blackbasta의 총 문서 수: 0
2024-12-18 09:37:32,907 - INFO - 컬렉션 everest의 총 문서 수: 0
2024-12-18 09:37:42,936 - INFO - 데이터베이스 확인 중... (간격: 10초)
2024-12-18 09:37:42,941 - INFO - 컬렉션 darkleak의 총 문서 수: 0
2024-12-18 09:37:42,944 - INFO - 컬렉션 rhysida의 총 문서 수: 0
2024-12-18 09:37:42,949 - INFO - 컬렉션 island의 총 문서 수: 0
2024-12-18 09:37:42,952 - INFO - 컬렉션 ctifeeds의 총 문서 수: 0
2024-12-18 09:37:42,957 - INFO - 컬렉션 blacksuit의 총 문서 수: 0
2024-12-18 09:37:42,960 - INFO - 컬렉션 darknetARMY의 총 문서 수: 0
2024-12-18 09:37:42,963 - INFO - 컬렉션 htdark의 총 문서 수: 0
2024-12-18 09:37:42,967 - INFO - 컬렉션 breachdetector의 총 문서 수: 0
2024-12-18 09:37:42,970 - INFO - 컬렉션 leakbase의 총 문서 수: 0
2024-12-18 09:37:42,974 - INFO - 컬렉션 lockbit의 총 문서 수: 0
2024-12-18 09:37:42,977 - INFO - 컬렉션 play의 총 문서 수: 0
2024-12-18 09:37:42,980 - INFO - 컬렉션 abyss의 총 문서 수: 0
2024-12-18 09:37:42,983 - INFO - 컬렉션 daixin의 총 문서 수: 0
2024-12-18 09:37:42,986 - INFO - 컬렉션 blackbasta의 총 문서 수: 0
2024-12-18 09:37:42,990 - INFO - 컬렉션 everest의 총 문서 수: 0
2024-12-18 09:37:53,031 - INFO - 데이터베이스 확인 중... (간격: 10초)
2024-12-18 09:37:53,038 - INFO - 컬렉션 darkleak의 총 문서 수: 0
2024-12-18 09:37:53,045 - INFO - 컬렉션 rhysida의 총 문서 수: 0
2024-12-18 09:37:53,051 - INFO - 컬렉션 island의 총 문서 수: 0
2024-12-18 09:37:53,056 - INFO - 컬렉션 ctifeeds의 총 문서 수: 0
2024-12-18 09:37:53,060 - INFO - 컬렉션 blacksuit의 총 문서 수: 0
2024-12-18 09:37:53,064 - INFO - 컬렉션 darknetARMY의 총 문서 수: 0
2024-12-18 09:37:53,069 - INFO - 컬렉션 htdark의 총 문서 수: 0
2024-12-18 09:37:53,073 - INFO - 컬렉션 breachdetector의 총 문서 수: 0
2024-12-18 09:37:53,078 - INFO - 컬렉션 leakbase의 총 문서 수: 0
2024-12-18 09:37:53,081 - INFO - 컬렉션 lockbit의 총 문서 수: 0
2024-12-18 09:37:53,085 - INFO - 컬렉션 play의 총 문서 수: 0
2024-12-18 09:37:53,089 - INFO - 컬렉션 abyss의 총 문서 수: 0
2024-12-18 09:37:53,092 - INFO - 컬렉션 daixin의 총 문서 수: 0
2024-12-18 09:37:53,096 - INFO - 컬렉션 blackbasta의 총 문서 수: 0
2024-12-18 09:37:53,099 - INFO - 컬렉션 everest의 총 문서 수: 0
2024-12-18 09:38:03,137 - INFO - 데이터베이스 확인 중... (간격: 10초)
2024-12-18 09:38:03,143 - INFO - 컬렉션 darkleak의 총 문서 수: 0
2024-12-18 09:38:03,150 - INFO - 컬렉션 rhysida의 총 문서 수: 0
2024-12-18 09:38:03,155 - INFO - 컬렉션 island의 총 문서 수: 0
2024-12-18 09:38:03,161 - INFO - 컬렉션 ctifeeds의 총 문서 수: 0
2024-12-18 09:38:03,167 - INFO - 컬렉션 blacksuit의 총 문서 수: 0
2024-12-18 09:38:03,173 - INFO - 컬렉션 darknetARMY의 총 문서 수: 0
2024-12-18 09:38:03,178 - INFO - 컬렉션 htdark의 총 문서 수: 0
2024-12-18 09:38:03,183 - INFO - 컬렉션 breachdetector의 총 문서 수: 0
2024-12-18 09:38:03,188 - INFO - 컬렉션 leakbase의 총 문서 수: 0
2024-12-18 09:38:03,193 - INFO - 컬렉션 lockbit의 총 문서 수: 0
2024-12-18 09:38:03,197 - INFO - 컬렉션 play의 총 문서 수: 0
2024-12-18 09:38:03,202 - INFO - 컬렉션 abyss의 총 문서 수: 0
2024-12-18 09:38:03,206 - INFO - 컬렉션 daixin의 총 문서 수: 0
2024-12-18 09:38:03,209 - INFO - 컬렉션 blackbasta의 총 문서 수: 0
2024-12-18 09:38:03,213 - INFO - 컬렉션 everest의 총 문서 수: 0
2024-12-18 09:38:13,256 - INFO - 데이터베이스 확인 중... (간격: 10초)
2024-12-18 09:38:13,263 - INFO - 컬렉션 darkleak의 총 문서 수: 0
2024-12-18 09:38:13,269 - INFO - 컬렉션 rhysida의 총 문서 수: 0
2024-12-18 09:38:13,275 - INFO - 컬렉션 island의 총 문서 수: 0
2024-12-18 09:38:13,279 - INFO - 컬렉션 ctifeeds의 총 문서 수: 0
2024-12-18 09:38:13,284 - INFO - 컬렉션 blacksuit의 총 문서 수: 0
2024-12-18 09:38:13,289 - INFO - 컬렉션 darknetARMY의 총 문서 수: 0
2024-12-18 09:38:13,293 - INFO - 컬렉션 htdark의 총 문서 수: 0
2024-12-18 09:38:13,297 - INFO - 컬렉션 breachdetector의 총 문서 수: 0
2024-12-18 09:38:13,302 - INFO - 컬렉션 leakbase의 총 문서 수: 0
2024-12-18 09:38:13,306 - INFO - 컬렉션 lockbit의 총 문서 수: 0
2024-12-18 09:38:13,311 - INFO - 컬렉션 play의 총 문서 수: 0
2024-12-18 09:38:13,315 - INFO - 컬렉션 abyss의 총 문서 수: 0
2024-12-18 09:38:13,319 - INFO - 컬렉션 daixin의 총 문서 수: 0
2024-12-18 09:38:13,322 - INFO - 컬렉션 blackbasta의 총 문서 수: 0
2024-12-18 09:38:13,326 - INFO - 컬렉션 everest의 총 문서 수: 0
2024-12-18 09:38:23,369 - INFO - 데이터베이스 확인 중... (간격: 10초)
2024-12-18 09:38:23,372 - INFO - 컬렉션 darkleak의 총 문서 수: 0
2024-12-18 09:38:23,376 - INFO - 컬렉션 rhysida의 총 문서 수: 0
2024-12-18 09:38:23,381 - INFO - 컬렉션 island의 총 문서 수: 0
2024-12-18 09:38:23,384 - INFO - 컬렉션 ctifeeds의 총 문서 수: 0
2024-12-18 09:38:23,387 - INFO - 컬렉션 blacksuit의 총 문서 수: 0
2024-12-18 09:38:23,390 - INFO - 컬렉션 darknetARMY의 총 문서 수: 0
2024-12-18 09:38:23,393 - INFO - 컬렉션 htdark의 총 문서 수: 0
2024-12-18 09:38:23,396 - INFO - 컬렉션 breachdetector의 총 문서 수: 0
2024-12-18 09:38:23,399 - INFO - 컬렉션 leakbase의 총 문서 수: 0
2024-12-18 09:38:23,402 - INFO - 컬렉션 lockbit의 총 문서 수: 0
2024-12-18 09:38:23,405 - INFO - 컬렉션 play의 총 문서 수: 0
2024-12-18 09:38:23,408 - INFO - 컬렉션 abyss의 총 문서 수: 0
2024-12-18 09:38:23,410 - INFO - 컬렉션 daixin의 총 문서 수: 0
2024-12-18 09:38:23,413 - INFO - 컬렉션 blackbasta의 총 문서 수: 0
2024-12-18 09:38:23,416 - INFO - 컬렉션 everest의 총 문서 수: 0
2024-12-18 09:38:33,444 - INFO - 데이터베이스 확인 중... (간격: 10초)
2024-12-18 09:38:33,447 - INFO - 컬렉션 darkleak의 총 문서 수: 0
2024-12-18 09:38:33,451 - INFO - 컬렉션 rhysida의 총 문서 수: 0
2024-12-18 09:38:33,455 - INFO - 컬렉션 island의 총 문서 수: 0
2024-12-18 09:38:33,458 - INFO - 컬렉션 ctifeeds의 총 문서 수: 0
2024-12-18 09:38:33,461 - INFO - 컬렉션 blacksuit의 총 문서 수: 0
2024-12-18 09:38:33,465 - INFO - 컬렉션 darknetARMY의 총 문서 수: 0
2024-12-18 09:38:33,468 - INFO - 컬렉션 htdark의 총 문서 수: 0
2024-12-18 09:38:33,471 - INFO - 컬렉션 breachdetector의 총 문서 수: 0
2024-12-18 09:38:33,474 - INFO - 컬렉션 leakbase의 총 문서 수: 0
2024-12-18 09:38:33,477 - INFO - 컬렉션 lockbit의 총 문서 수: 0
2024-12-18 09:38:33,481 - INFO - 컬렉션 play의 총 문서 수: 0
2024-12-18 09:38:33,486 - INFO - 컬렉션 abyss의 총 문서 수: 0
2024-12-18 09:38:33,489 - INFO - 컬렉션 daixin의 총 문서 수: 0
2024-12-18 09:38:33,493 - INFO - 컬렉션 blackbasta의 총 문서 수: 0
2024-12-18 09:38:33,498 - INFO - 컬렉션 everest의 총 문서 수: 0
2024-12-18 09:38:43,539 - INFO - 데이터베이스 확인 중... (간격: 10초)
2024-12-18 09:38:43,541 - INFO - 컬렉션 darkleak의 총 문서 수: 0
2024-12-18 09:38:43,544 - INFO - 컬렉션 rhysida의 총 문서 수: 0
2024-12-18 09:38:43,546 - INFO - 컬렉션 island의 총 문서 수: 0
2024-12-18 09:38:43,548 - INFO - 컬렉션 ctifeeds의 총 문서 수: 0
2024-12-18 09:38:43,552 - INFO - 컬렉션 blacksuit의 총 문서 수: 0
2024-12-18 09:38:43,556 - INFO - 컬렉션 darknetARMY의 총 문서 수: 0
2024-12-18 09:38:43,559 - INFO - 컬렉션 htdark의 총 문서 수: 0
2024-12-18 09:38:43,561 - INFO - 컬렉션 breachdetector의 총 문서 수: 0
2024-12-18 09:38:43,564 - INFO - 컬렉션 leakbase의 총 문서 수: 0
2024-12-18 09:38:43,568 - INFO - 컬렉션 lockbit의 총 문서 수: 0
2024-12-18 09:38:43,571 - INFO - 컬렉션 play의 총 문서 수: 0
2024-12-18 09:38:43,573 - INFO - 컬렉션 abyss의 총 문서 수: 0
2024-12-18 09:38:43,576 - INFO - 컬렉션 daixin의 총 문서 수: 0
2024-12-18 09:38:43,578 - INFO - 컬렉션 blackbasta의 총 문서 수: 0
2024-12-18 09:38:43,580 - INFO - 컬렉션 everest의 총 문서 수: 0
2024-12-18 09:38:53,601 - INFO - 데이터베이스 확인 중... (간격: 10초)
2024-12-18 09:38:53,604 - INFO - 컬렉션 darkleak의 총 문서 수: 0
2024-12-18 09:38:53,607 - INFO - 컬렉션 rhysida의 총 문서 수: 0
2024-12-18 09:38:53,609 - INFO - 컬렉션 island의 총 문서 수: 0
2024-12-18 09:38:53,612 - INFO - 컬렉션 ctifeeds의 총 문서 수: 0
2024-12-18 09:38:53,615 - INFO - 컬렉션 blacksuit의 총 문서 수: 0
2024-12-18 09:38:53,618 - INFO - 컬렉션 darknetARMY의 총 문서 수: 0
2024-12-18 09:38:53,621 - INFO - 컬렉션 htdark의 총 문서 수: 0
2024-12-18 09:38:53,623 - INFO - 컬렉션 breachdetector의 총 문서 수: 0
2024-12-18 09:38:53,625 - INFO - 컬렉션 leakbase의 총 문서 수: 0
2024-12-18 09:38:53,626 - INFO - 컬렉션 lockbit의 총 문서 수: 0
2024-12-18 09:38:53,629 - INFO - 컬렉션 play의 총 문서 수: 0
2024-12-18 09:38:53,632 - INFO - 컬렉션 abyss의 총 문서 수: 0
2024-12-18 09:38:53,635 - INFO - 컬렉션 daixin의 총 문서 수: 0
2024-12-18 09:38:53,637 - INFO - 컬렉션 blackbasta의 총 문서 수: 0
2024-12-18 09:38:53,640 - INFO - 컬렉션 everest의 총 문서 수: 0
2024-12-18 09:39:03,691 - INFO - 데이터베이스 확인 중... (간격: 10초)
2024-12-18 09:39:03,694 - INFO - 컬렉션 darkleak의 총 문서 수: 0
2024-12-18 09:39:03,697 - INFO - 컬렉션 rhysida의 총 문서 수: 0
2024-12-18 09:39:03,700 - INFO - 컬렉션 island의 총 문서 수: 0
2024-12-18 09:39:03,703 - INFO - 컬렉션 ctifeeds의 총 문서 수: 0
2024-12-18 09:39:03,707 - INFO - 컬렉션 blacksuit의 총 문서 수: 0
2024-12-18 09:39:03,710 - INFO - 컬렉션 darknetARMY의 총 문서 수: 0
2024-12-18 09:39:03,712 - INFO - 컬렉션 htdark의 총 문서 수: 0
2024-12-18 09:39:03,714 - INFO - 컬렉션 breachdetector의 총 문서 수: 0
2024-12-18 09:39:03,717 - INFO - 컬렉션 leakbase의 총 문서 수: 0
2024-12-18 09:39:03,719 - INFO - 컬렉션 lockbit의 총 문서 수: 0
2024-12-18 09:39:03,722 - INFO - 컬렉션 play의 총 문서 수: 0
2024-12-18 09:39:03,724 - INFO - 컬렉션 abyss의 총 문서 수: 0
2024-12-18 09:39:03,726 - INFO - 컬렉션 daixin의 총 문서 수: 0
2024-12-18 09:39:03,728 - INFO - 컬렉션 blackbasta의 총 문서 수: 0
2024-12-18 09:39:03,731 - INFO - 컬렉션 everest의 총 문서 수: 0
2024-12-18 09:41:26,893 - INFO - 데이터베이스 확인 중... (간격: 10초)
2024-12-18 09:41:26,898 - INFO - 컬렉션 darkleak의 총 문서 수: 0
2024-12-18 09:41:26,903 - INFO - 컬렉션 rhysida의 총 문서 수: 0
2024-12-18 09:41:26,908 - INFO - 컬렉션 island의 총 문서 수: 0
2024-12-18 09:41:26,915 - INFO - 컬렉션 ctifeeds의 총 문서 수: 0
2024-12-18 09:41:26,921 - INFO - 컬렉션 blacksuit의 총 문서 수: 0
2024-12-18 09:41:26,926 - INFO - 컬렉션 darknetARMY의 총 문서 수: 0
2024-12-18 09:41:26,929 - INFO - 컬렉션 htdark의 총 문서 수: 0
2024-12-18 09:41:26,933 - INFO - 컬렉션 breachdetector의 총 문서 수: 0
2024-12-18 09:41:26,939 - INFO - 컬렉션 leakbase의 총 문서 수: 0
2024-12-18 09:41:26,943 - INFO - 컬렉션 lockbit의 총 문서 수: 0
2024-12-18 09:41:26,945 - INFO - 컬렉션 play의 총 문서 수: 0
2024-12-18 09:41:26,950 - INFO - 컬렉션 abyss의 총 문서 수: 0
2024-12-18 09:41:26,956 - INFO - 컬렉션 daixin의 총 문서 수: 0
2024-12-18 09:41:26,960 - INFO - 컬렉션 blackbasta의 총 문서 수: 0
2024-12-18 09:41:26,962 - INFO - 컬렉션 everest의 총 문서 수: 0
2024-12-18 09:41:37,022 - INFO - 데이터베이스 확인 중... (간격: 10초)
2024-12-18 09:41:37,029 - INFO - 컬렉션 darkleak의 총 문서 수: 0
2024-12-18 09:41:37,035 - INFO - 컬렉션 rhysida의 총 문서 수: 0
2024-12-18 09:41:37,039 - INFO - 컬렉션 island의 총 문서 수: 0
2024-12-18 09:41:37,045 - INFO - 컬렉션 ctifeeds의 총 문서 수: 0
2024-12-18 09:41:37,049 - INFO - 컬렉션 blacksuit의 총 문서 수: 0
2024-12-18 09:41:37,052 - INFO - 컬렉션 darknetARMY의 총 문서 수: 0
2024-12-18 09:41:37,057 - INFO - 컬렉션 htdark의 총 문서 수: 0
2024-12-18 09:41:37,060 - INFO - 컬렉션 breachdetector의 총 문서 수: 0
2024-12-18 09:41:37,064 - INFO - 컬렉션 leakbase의 총 문서 수: 0
2024-12-18 09:41:37,067 - INFO - 컬렉션 lockbit의 총 문서 수: 0
2024-12-18 09:41:37,071 - INFO - 컬렉션 play의 총 문서 수: 0
2024-12-18 09:41:37,073 - INFO - 컬렉션 abyss의 총 문서 수: 0
2024-12-18 09:41:37,076 - INFO - 컬렉션 daixin의 총 문서 수: 0
2024-12-18 09:41:37,079 - INFO - 컬렉션 blackbasta의 총 문서 수: 0
2024-12-18 09:41:37,082 - INFO - 컬렉션 everest의 총 문서 수: 0
2024-12-18 09:41:47,109 - INFO - 데이터베이스 확인 중... (간격: 10초)
2024-12-18 09:41:47,111 - INFO - 컬렉션 darkleak의 총 문서 수: 0
2024-12-18 09:41:47,115 - INFO - 컬렉션 rhysida의 총 문서 수: 0
2024-12-18 09:41:47,117 - INFO - 컬렉션 island의 총 문서 수: 0
2024-12-18 09:41:47,121 - INFO - 컬렉션 ctifeeds의 총 문서 수: 0
2024-12-18 09:41:47,125 - INFO - 컬렉션 blacksuit의 총 문서 수: 0
2024-12-18 09:41:47,128 - INFO - 컬렉션 darknetARMY의 총 문서 수: 0
2024-12-18 09:41:47,131 - INFO - 컬렉션 htdark의 총 문서 수: 0
2024-12-18 09:41:47,134 - INFO - 컬렉션 breachdetector의 총 문서 수: 0
2024-12-18 09:41:47,138 - INFO - 컬렉션 leakbase의 총 문서 수: 0
2024-12-18 09:41:47,141 - INFO - 컬렉션 lockbit의 총 문서 수: 0
2024-12-18 09:41:47,145 - INFO - 컬렉션 play의 총 문서 수: 0
2024-12-18 09:41:47,148 - INFO - 컬렉션 abyss의 총 문서 수: 0
2024-12-18 09:41:47,151 - INFO - 컬렉션 daixin의 총 문서 수: 0
2024-12-18 09:41:47,155 - INFO - 컬렉션 blackbasta의 총 문서 수: 0
2024-12-18 09:41:47,158 - INFO - 컬렉션 everest의 총 문서 수: 0
2024-12-18 09:41:57,189 - INFO - 데이터베이스 확인 중... (간격: 10초)
2024-12-18 09:41:57,194 - INFO - 컬렉션 darkleak의 총 문서 수: 0
2024-12-18 09:41:57,199 - INFO - 컬렉션 rhysida의 총 문서 수: 0
2024-12-18 09:41:57,203 - INFO - 컬렉션 island의 총 문서 수: 0
2024-12-18 09:41:57,208 - INFO - 컬렉션 ctifeeds의 총 문서 수: 0
2024-12-18 09:41:57,211 - INFO - 컬렉션 blacksuit의 총 문서 수: 0
2024-12-18 09:41:57,215 - INFO - 컬렉션 darknetARMY의 총 문서 수: 0
2024-12-18 09:41:57,219 - INFO - 컬렉션 htdark의 총 문서 수: 0
2024-12-18 09:41:57,224 - INFO - 컬렉션 breachdetector의 총 문서 수: 0
2024-12-18 09:41:57,227 - INFO - 컬렉션 leakbase의 총 문서 수: 0
2024-12-18 09:41:57,230 - INFO - 컬렉션 lockbit의 총 문서 수: 0
2024-12-18 09:41:57,234 - INFO - 컬렉션 play의 총 문서 수: 0
2024-12-18 09:41:57,239 - INFO - 컬렉션 abyss의 총 문서 수: 0
2024-12-18 09:41:57,241 - INFO - 컬렉션 daixin의 총 문서 수: 0
2024-12-18 09:41:57,244 - INFO - 컬렉션 blackbasta의 총 문서 수: 0
2024-12-18 09:41:57,247 - INFO - 컬렉션 everest의 총 문서 수: 0
2024-12-18 09:42:07,267 - INFO - 데이터베이스 확인 중... (간격: 10초)
2024-12-18 09:42:07,272 - INFO - 컬렉션 darkleak의 총 문서 수: 0
2024-12-18 09:42:07,277 - INFO - 컬렉션 rhysida의 총 문서 수: 0
2024-12-18 09:42:07,283 - INFO - 컬렉션 island의 총 문서 수: 0
2024-12-18 09:42:07,288 - INFO - 컬렉션 ctifeeds의 총 문서 수: 0
2024-12-18 09:42:07,291 - INFO - 컬렉션 blacksuit의 총 문서 수: 0
2024-12-18 09:42:07,295 - INFO - 컬렉션 darknetARMY의 총 문서 수: 0
2024-12-18 09:42:07,299 - INFO - 컬렉션 htdark의 총 문서 수: 0
2024-12-18 09:42:07,303 - INFO - 컬렉션 breachdetector의 총 문서 수: 0
2024-12-18 09:42:07,306 - INFO - 컬렉션 leakbase의 총 문서 수: 0
2024-12-18 09:42:07,309 - INFO - 컬렉션 lockbit의 총 문서 수: 0
2024-12-18 09:42:07,312 - INFO - 컬렉션 play의 총 문서 수: 0
2024-12-18 09:42:07,315 - INFO - 컬렉션 abyss의 총 문서 수: 0
2024-12-18 09:42:07,319 - INFO - 컬렉션 daixin의 총 문서 수: 0
2024-12-18 09:42:07,323 - INFO - 컬렉션 blackbasta의 총 문서 수: 0
2024-12-18 09:42:07,326 - INFO - 컬렉션 everest의 총 문서 수: 0
2024-12-18 09:42:17,374 - INFO - 데이터베이스 확인 중... (간격: 10초)
2024-12-18 09:42:17,378 - INFO - 컬렉션 darkleak의 총 문서 수: 0
2024-12-18 09:42:17,381 - INFO - 컬렉션 rhysida의 총 문서 수: 0
2024-12-18 09:42:17,385 - INFO - 컬렉션 island의 총 문서 수: 0
2024-12-18 09:42:17,389 - INFO - 컬렉션 ctifeeds의 총 문서 수: 0
2024-12-18 09:42:17,393 - INFO - 컬렉션 blacksuit의 총 문서 수: 0
2024-12-18 09:42:17,397 - INFO - 컬렉션 darknetARMY의 총 문서 수: 0
2024-12-18 09:42:17,401 - INFO - 컬렉션 htdark의 총 문서 수: 0
2024-12-18 09:42:17,406 - INFO - 컬렉션 breachdetector의 총 문서 수: 0
2024-12-18 09:42:17,410 - INFO - 컬렉션 leakbase의 총 문서 수: 0
2024-12-18 09:42:17,413 - INFO - 컬렉션 lockbit의 총 문서 수: 0
2024-12-18 09:42:17,417 - INFO - 컬렉션 play의 총 문서 수: 0
2024-12-18 09:42:17,422 - INFO - 컬렉션 abyss의 총 문서 수: 0
2024-12-18 09:42:17,425 - INFO - 컬렉션 daixin의 총 문서 수: 0
2024-12-18 09:42:17,428 - INFO - 컬렉션 blackbasta의 총 문서 수: 0
2024-12-18 09:42:17,432 - INFO - 컬렉션 everest의 총 문서 수: 0
2024-12-18 09:42:27,480 - INFO - 데이터베이스 확인 중... (간격: 10초)
2024-12-18 09:42:27,484 - INFO - 컬렉션 darkleak의 총 문서 수: 0
2024-12-18 09:42:27,487 - INFO - 컬렉션 rhysida의 총 문서 수: 0
2024-12-18 09:42:27,492 - INFO - 컬렉션 island의 총 문서 수: 0
2024-12-18 09:42:27,496 - INFO - 컬렉션 ctifeeds의 총 문서 수: 0
2024-12-18 09:42:27,501 - INFO - 컬렉션 blacksuit의 총 문서 수: 0
2024-12-18 09:42:27,505 - INFO - 컬렉션 darknetARMY의 총 문서 수: 0
2024-12-18 09:42:27,508 - INFO - 컬렉션 htdark의 총 문서 수: 0
2024-12-18 09:42:27,511 - INFO - 컬렉션 breachdetector의 총 문서 수: 0
2024-12-18 09:42:27,515 - INFO - 컬렉션 leakbase의 총 문서 수: 0
2024-12-18 09:42:27,519 - INFO - 컬렉션 lockbit의 총 문서 수: 0
2024-12-18 09:42:27,523 - INFO - 컬렉션 play의 총 문서 수: 0
2024-12-18 09:42:27,527 - INFO - 컬렉션 abyss의 총 문서 수: 0
2024-12-18 09:42:27,530 - INFO - 컬렉션 daixin의 총 문서 수: 0
2024-12-18 09:42:27,534 - INFO - 컬렉션 blackbasta의 총 문서 수: 0
2024-12-18 09:42:27,538 - INFO - 컬렉션 everest의 총 문서 수: 0
2024-12-18 09:42:37,587 - INFO - 데이터베이스 확인 중... (간격: 10초)
2024-12-18 09:42:37,589 - INFO - 컬렉션 darkleak의 총 문서 수: 0
2024-12-18 09:42:37,592 - INFO - 컬렉션 rhysida의 총 문서 수: 0
2024-12-18 09:42:37,596 - INFO - 컬렉션 island의 총 문서 수: 0
2024-12-18 09:42:37,600 - INFO - 컬렉션 ctifeeds의 총 문서 수: 0
2024-12-18 09:42:37,605 - INFO - 컬렉션 blacksuit의 총 문서 수: 0
2024-12-18 09:42:37,609 - INFO - 컬렉션 darknetARMY의 총 문서 수: 0
2024-12-18 09:42:37,613 - INFO - 컬렉션 htdark의 총 문서 수: 0
2024-12-18 09:42:37,618 - INFO - 컬렉션 breachdetector의 총 문서 수: 0
2024-12-18 09:42:37,622 - INFO - 컬렉션 leakbase의 총 문서 수: 0
2024-12-18 09:42:37,626 - INFO - 컬렉션 lockbit의 총 문서 수: 0
2024-12-18 09:42:37,629 - INFO - 컬렉션 play의 총 문서 수: 0
2024-12-18 09:42:37,634 - INFO - 컬렉션 abyss의 총 문서 수: 0
2024-12-18 09:42:37,638 - INFO - 컬렉션 daixin의 총 문서 수: 0
2024-12-18 09:42:37,641 - INFO - 컬렉션 blackbasta의 총 문서 수: 0
2024-12-18 09:42:37,645 - INFO - 컬렉션 everest의 총 문서 수: 0
2024-12-18 09:42:47,670 - INFO - 데이터베이스 확인 중... (간격: 10초)
2024-12-18 09:42:47,685 - INFO - 컬렉션 darkleak의 총 문서 수: 0
2024-12-18 09:42:47,689 - INFO - 컬렉션 rhysida의 총 문서 수: 0
2024-12-18 09:42:47,692 - INFO - 컬렉션 island의 총 문서 수: 0
2024-12-18 09:42:47,697 - INFO - 컬렉션 ctifeeds의 총 문서 수: 0
2024-12-18 09:42:47,702 - INFO - 컬렉션 blacksuit의 총 문서 수: 0
2024-12-18 09:42:47,704 - INFO - 컬렉션 darknetARMY의 총 문서 수: 0
2024-12-18 09:42:47,707 - INFO - 컬렉션 htdark의 총 문서 수: 0
2024-12-18 09:42:47,710 - INFO - 컬렉션 breachdetector의 총 문서 수: 0
2024-12-18 09:42:47,712 - INFO - 컬렉션 leakbase의 총 문서 수: 0
2024-12-18 09:42:47,716 - INFO - 컬렉션 lockbit의 총 문서 수: 0
2024-12-18 09:42:47,719 - INFO - 컬렉션 play의 총 문서 수: 0
2024-12-18 09:42:47,722 - INFO - 컬렉션 abyss의 총 문서 수: 0
2024-12-18 09:42:47,725 - INFO - 컬렉션 daixin의 총 문서 수: 0
2024-12-18 09:42:47,728 - INFO - 컬렉션 blackbasta의 총 문서 수: 0
2024-12-18 09:42:47,731 - INFO - 컬렉션 everest의 총 문서 수: 0
2024-12-18 09:42:57,773 - INFO - 데이터베이스 확인 중... (간격: 10초)
2024-12-18 09:42:57,778 - INFO - 컬렉션 darkleak의 총 문서 수: 0
2024-12-18 09:42:57,783 - INFO - 컬렉션 rhysida의 총 문서 수: 0
2024-12-18 09:42:57,787 - INFO - 컬렉션 island의 총 문서 수: 0
2024-12-18 09:42:57,791 - INFO - 컬렉션 ctifeeds의 총 문서 수: 0
2024-12-18 09:42:57,793 - INFO - 컬렉션 blacksuit의 총 문서 수: 0
2024-12-18 09:42:57,796 - INFO - 컬렉션 darknetARMY의 총 문서 수: 0
2024-12-18 09:42:57,800 - INFO - 컬렉션 htdark의 총 문서 수: 0
2024-12-18 09:42:57,805 - INFO - 컬렉션 breachdetector의 총 문서 수: 0
2024-12-18 09:42:57,808 - INFO - 컬렉션 leakbase의 총 문서 수: 0
2024-12-18 09:42:57,810 - INFO - 컬렉션 lockbit의 총 문서 수: 0
2024-12-18 09:42:57,812 - INFO - 컬렉션 play의 총 문서 수: 0
2024-12-18 09:42:57,817 - INFO - 컬렉션 abyss의 총 문서 수: 0
2024-12-18 09:42:57,822 - INFO - 컬렉션 daixin의 총 문서 수: 0
2024-12-18 09:42:57,824 - INFO - 컬렉션 blackbasta의 총 문서 수: 0
2024-12-18 09:42:57,827 - INFO - 컬렉션 everest의 총 문서 수: 0
2024-12-18 09:43:07,864 - INFO - 데이터베이스 확인 중... (간격: 10초)
2024-12-18 09:43:07,868 - INFO - 컬렉션 darkleak의 총 문서 수: 0
2024-12-18 09:43:07,872 - INFO - 컬렉션 rhysida의 총 문서 수: 0
2024-12-18 09:43:07,878 - INFO - 컬렉션 island의 총 문서 수: 0
2024-12-18 09:43:07,884 - INFO - 컬렉션 ctifeeds의 총 문서 수: 0
2024-12-18 09:43:07,889 - INFO - 컬렉션 blacksuit의 총 문서 수: 0
2024-12-18 09:43:07,891 - INFO - 컬렉션 darknetARMY의 총 문서 수: 0
2024-12-18 09:43:07,894 - INFO - 컬렉션 htdark의 총 문서 수: 0
2024-12-18 09:43:07,897 - INFO - 컬렉션 breachdetector의 총 문서 수: 0
2024-12-18 09:43:07,902 - INFO - 컬렉션 leakbase의 총 문서 수: 0
2024-12-18 09:43:07,904 - INFO - 컬렉션 lockbit의 총 문서 수: 0
2024-12-18 09:43:07,907 - INFO - 컬렉션 play의 총 문서 수: 0
2024-12-18 09:43:07,911 - INFO - 컬렉션 abyss의 총 문서 수: 0
2024-12-18 09:43:07,914 - INFO - 컬렉션 daixin의 총 문서 수: 0
2024-12-18 09:43:07,918 - INFO - 컬렉션 blackbasta의 총 문서 수: 0
2024-12-18 09:43:07,922 - INFO - 컬렉션 everest의 총 문서 수: 0
2024-12-18 09:43:17,959 - INFO - 데이터베이스 확인 중... (간격: 10초)
2024-12-18 09:43:17,963 - INFO - 컬렉션 darkleak의 총 문서 수: 0
2024-12-18 09:43:17,969 - INFO - 컬렉션 rhysida의 총 문서 수: 0
2024-12-18 09:43:17,973 - INFO - 컬렉션 island의 총 문서 수: 0
2024-12-18 09:43:17,977 - INFO - 컬렉션 ctifeeds의 총 문서 수: 0
2024-12-18 09:43:17,980 - INFO - 컬렉션 blacksuit의 총 문서 수: 0
2024-12-18 09:43:17,986 - INFO - 컬렉션 darknetARMY의 총 문서 수: 0
2024-12-18 09:43:17,989 - INFO - 컬렉션 htdark의 총 문서 수: 0
2024-12-18 09:43:17,992 - INFO - 컬렉션 breachdetector의 총 문서 수: 0
2024-12-18 09:43:17,994 - INFO - 컬렉션 leakbase의 총 문서 수: 0
2024-12-18 09:43:17,997 - INFO - 컬렉션 lockbit의 총 문서 수: 0
2024-12-18 09:43:18,001 - INFO - 컬렉션 play의 총 문서 수: 0
2024-12-18 09:43:18,005 - INFO - 컬렉션 abyss의 총 문서 수: 0
2024-12-18 09:43:18,008 - INFO - 컬렉션 daixin의 총 문서 수: 0
2024-12-18 09:43:18,010 - INFO - 컬렉션 blackbasta의 총 문서 수: 0
2024-12-18 09:43:18,014 - INFO - 컬렉션 everest의 총 문서 수: 0
2024-12-18 09:43:28,060 - INFO - 데이터베이스 확인 중... (간격: 10초)
2024-12-18 09:43:28,066 - INFO - 컬렉션 darkleak의 총 문서 수: 0
2024-12-18 09:43:28,071 - INFO - 컬렉션 rhysida의 총 문서 수: 0
2024-12-18 09:43:28,077 - INFO - 컬렉션 island의 총 문서 수: 0
2024-12-18 09:43:28,080 - INFO - 컬렉션 ctifeeds의 총 문서 수: 0
2024-12-18 09:43:28,085 - INFO - 컬렉션 blacksuit의 총 문서 수: 0
2024-12-18 09:43:28,087 - INFO - 컬렉션 darknetARMY의 총 문서 수: 0
2024-12-18 09:43:28,090 - INFO - 컬렉션 htdark의 총 문서 수: 0
2024-12-18 09:43:28,093 - INFO - 컬렉션 breachdetector의 총 문서 수: 0
2024-12-18 09:43:28,095 - INFO - 컬렉션 leakbase의 총 문서 수: 0
2024-12-18 09:43:28,098 - INFO - 컬렉션 lockbit의 총 문서 수: 0
2024-12-18 09:43:28,102 - INFO - 컬렉션 play의 총 문서 수: 0
2024-12-18 09:43:28,118 - INFO - 컬렉션 abyss의 총 문서 수: 1
2024-12-18 09:43:28,119 - INFO - 새 문서 발견: collection=abyss, id=67621aa6a853182cf664ca4b, title=Sample Title
2024-12-18 09:43:28,122 - INFO - 컬렉션 daixin의 총 문서 수: 0
2024-12-18 09:43:28,124 - INFO - 컬렉션 blackbasta의 총 문서 수: 0
2024-12-18 09:43:28,127 - INFO - 컬렉션 everest의 총 문서 수: 0
2024-12-18 09:43:28,128 - INFO - 새로운 문서 1개 발견
2024-12-18 09:43:30,902 - INFO - 이메일 전송 성공
2024-12-18 09:43:40,964 - INFO - 데이터베이스 확인 중... (간격: 10초)
2024-12-18 09:43:40,970 - INFO - 컬렉션 darkleak의 총 문서 수: 0
2024-12-18 09:43:40,976 - INFO - 컬렉션 rhysida의 총 문서 수: 0
2024-12-18 09:43:40,983 - INFO - 컬렉션 island의 총 문서 수: 0
2024-12-18 09:43:40,990 - INFO - 컬렉션 ctifeeds의 총 문서 수: 0
2024-12-18 09:43:40,994 - INFO - 컬렉션 blacksuit의 총 문서 수: 0
2024-12-18 09:43:40,997 - INFO - 컬렉션 darknetARMY의 총 문서 수: 0
2024-12-18 09:43:41,002 - INFO - 컬렉션 htdark의 총 문서 수: 0
2024-12-18 09:43:41,005 - INFO - 컬렉션 breachdetector의 총 문서 수: 0
2024-12-18 09:43:41,008 - INFO - 컬렉션 leakbase의 총 문서 수: 0
2024-12-18 09:43:41,011 - INFO - 컬렉션 lockbit의 총 문서 수: 0
2024-12-18 09:43:41,013 - INFO - 컬렉션 play의 총 문서 수: 0
2024-12-18 09:43:41,018 - INFO - 컬렉션 abyss의 총 문서 수: 1
2024-12-18 09:43:41,020 - INFO - 컬렉션 daixin의 총 문서 수: 0
2024-12-18 09:43:41,023 - INFO - 컬렉션 blackbasta의 총 문서 수: 0
2024-12-18 09:43:41,028 - INFO - 컬렉션 everest의 총 문서 수: 0
2024-12-18 09:43:51,070 - INFO - 데이터베이스 확인 중... (간격: 10초)
2024-12-18 09:43:51,073 - INFO - 컬렉션 darkleak의 총 문서 수: 0
2024-12-18 09:43:51,077 - INFO - 컬렉션 rhysida의 총 문서 수: 0
2024-12-18 09:43:51,079 - INFO - 컬렉션 island의 총 문서 수: 0
2024-12-18 09:43:51,083 - INFO - 컬렉션 ctifeeds의 총 문서 수: 0
2024-12-18 09:43:51,087 - INFO - 컬렉션 blacksuit의 총 문서 수: 0
2024-12-18 09:43:51,090 - INFO - 컬렉션 darknetARMY의 총 문서 수: 0
2024-12-18 09:43:51,094 - INFO - 컬렉션 htdark의 총 문서 수: 0
2024-12-18 09:43:51,097 - INFO - 컬렉션 breachdetector의 총 문서 수: 0
2024-12-18 09:43:51,102 - INFO - 컬렉션 leakbase의 총 문서 수: 0
2024-12-18 09:43:51,106 - INFO - 컬렉션 lockbit의 총 문서 수: 0
2024-12-18 09:43:51,108 - INFO - 컬렉션 play의 총 문서 수: 0
2024-12-18 09:43:51,110 - INFO - 컬렉션 abyss의 총 문서 수: 1
2024-12-18 09:43:51,113 - INFO - 컬렉션 daixin의 총 문서 수: 0
2024-12-18 09:43:51,118 - INFO - 컬렉션 blackbasta의 총 문서 수: 0
2024-12-18 09:43:51,122 - INFO - 컬렉션 everest의 총 문서 수: 0
2024-12-18 09:44:01,168 - INFO - 데이터베이스 확인 중... (간격: 10초)
2024-12-18 09:44:01,173 - INFO - 컬렉션 darkleak의 총 문서 수: 0
2024-12-18 09:44:01,177 - INFO - 컬렉션 rhysida의 총 문서 수: 0
2024-12-18 09:44:01,181 - INFO - 컬렉션 island의 총 문서 수: 0
2024-12-18 09:44:01,185 - INFO - 컬렉션 ctifeeds의 총 문서 수: 0
2024-12-18 09:44:01,188 - INFO - 컬렉션 blacksuit의 총 문서 수: 0
2024-12-18 09:44:01,191 - INFO - 컬렉션 darknetARMY의 총 문서 수: 0
2024-12-18 09:44:01,193 - INFO - 컬렉션 htdark의 총 문서 수: 0
2024-12-18 09:44:01,196 - INFO - 컬렉션 breachdetector의 총 문서 수: 0
2024-12-18 09:44:01,200 - INFO - 컬렉션 leakbase의 총 문서 수: 0
2024-12-18 09:44:01,202 - INFO - 컬렉션 lockbit의 총 문서 수: 0
2024-12-18 09:44:01,205 - INFO - 컬렉션 play의 총 문서 수: 0
2024-12-18 09:44:01,208 - INFO - 컬렉션 abyss의 총 문서 수: 1
2024-12-18 09:44:01,210 - INFO - 컬렉션 daixin의 총 문서 수: 0
2024-12-18 09:44:01,212 - INFO - 컬렉션 blackbasta의 총 문서 수: 0
2024-12-18 09:44:01,216 - INFO - 컬렉션 everest의 총 문서 수: 0
